<?xml version="1.0" encoding="UTF-8"?>
<testsuite xmlns:xsi="http://www.w3.org/2001/XMLSchema-instance" xsi:noNamespaceSchemaLocation="https://maven.apache.org/surefire/maven-surefire-plugin/xsd/surefire-test-report-3.0.xsd" version="3.0" name="com.saucedemo.runners.RunCucumberTest" time="19.778" tests="4" errors="0" skipped="0" failures="0">
  <properties>
[...]
</properties>
  <testcase name="1. Iniciar sesión con credenciales válidas" classname="Autenticación de Usuarios en Sauce Demo" time="15.824">
    <system-out><![CDATA[
@SelectClasspathResource("features") @LoginValido
Scenario: 1. Iniciar sesión con credenciales válidas                           &amp#27;[90m# features/Login.feature:13&amp#27;[0m
  &amp#27;[32mGiven &amp#27;[0m&amp#27;[32mque el usuario está en la página de login &amp#27;[0m&amp#27;[32m&amp#27;[1m"https://www.saucedemo.com/"&amp#27;[0m &amp#27;[90m# com.saucedemo.steps.LoginSteps.que_el_usuario_esta_en_la_pagina_de_login(java.lang.String)&amp#27;[0m
  &amp#27;[32mGiven &amp#27;[0m&amp#27;[32mun usuario con credenciales &amp#27;[0m&amp#27;[32m&amp#27;[1m"standard_user"&amp#27;[0m&amp#27;[32m y &amp#27;[0m&amp#27;[32m&amp#27;[1m"secret_sauce"&amp#27;[0m           &amp#27;[90m# com.saucedemo.steps.LoginSteps.un_usuario_con_credenciales(java.lang.String,java.lang.String)&amp#27;[0m
  &amp#27;[32mWhen &amp#27;[0m&amp#27;[32mel usuario intenta iniciar sesión&amp#27;[0m                                       &amp#27;[90m# com.saucedemo.steps.LoginSteps.el_usuario_intenta_iniciar_sesion()&amp#27;[0m
  &amp#27;[32mThen &amp#27;[0m&amp#27;[32mel inicio de sesión debe ser exitoso&amp#27;[0m                                    &amp#27;[90m# com.saucedemo.steps.LoginSteps.el_inicio_de_sesion_debe_ser_exitoso()&amp#27;[0m
  &amp#27;[32mAnd &amp#27;[0m&amp#27;[32mel usuario es redirigido a la página de productos&amp#27;[0m                        &amp#27;[90m# com.saucedemo.steps.LoginSteps.el_usuario_es_redirigido_a_la_pagina_de_productos()&amp#27;[0m
  &amp#27;[32mAnd &amp#27;[0m&amp#27;[32mel botón de menú es visible&amp#27;[0m                                              &amp#27;[90m# com.saucedemo.steps.LoginSteps.el_boton_de_menu_es_visible()&amp#27;[0m
]]></system-out>
  </testcase>
  <testcase name="2. No se permite iniciar sesión con credenciales inválidas" classname="Autenticación de Usuarios en Sauce Demo" time="1.119">
    <system-out><![CDATA[
@SelectClasspathResource("features") @LoginInvalido
Scenario: 2. No se permite iniciar sesión con credenciales inválidas                                             &amp#27;[90m# features/Login.feature:21&amp#27;[0m
  &amp#27;[32mGiven &amp#27;[0m&amp#27;[32mque el usuario está en la página de login &amp#27;[0m&amp#27;[32m&amp#27;[1m"https://www.saucedemo.com/"&amp#27;[0m                                   &amp#27;[90m# com.saucedemo.steps.LoginSteps.que_el_usuario_esta_en_la_pagina_de_login(java.lang.String)&amp#27;[0m
  &amp#27;[32mGiven &amp#27;[0m&amp#27;[32mun usuario con credenciales &amp#27;[0m&amp#27;[32m&amp#27;[1m"usuario_invalido"&amp#27;[0m&amp#27;[32m y &amp#27;[0m&amp#27;[32m&amp#27;[1m"password_invalida"&amp#27;[0m                                     &amp#27;[90m# com.saucedemo.steps.LoginSteps.un_usuario_con_credenciales(java.lang.String,java.lang.String)&amp#27;[0m
  &amp#27;[32mWhen &amp#27;[0m&amp#27;[32mel usuario intenta iniciar sesión&amp#27;[0m                                                                         &amp#27;[90m# com.saucedemo.steps.LoginSteps.el_usuario_intenta_iniciar_sesion()&amp#27;[0m
  &amp#27;[32mThen &amp#27;[0m&amp#27;[32mel inicio de sesión debe fallar&amp#27;[0m                                                                           &amp#27;[90m# com.saucedemo.steps.LoginSteps.el_inicio_de_sesion_debe_fallar()&amp#27;[0m
  &amp#27;[32mAnd &amp#27;[0m&amp#27;[32mse muestra el mensaje de error &amp#27;[0m&amp#27;[32m&amp#27;[1m"Epic sadface: Username and password do not match any user in this service"&amp#27;[0m &amp#27;[90m# com.saucedemo.steps.LoginSteps.se_muestra_el_mensaje_de_error(java.lang.String)&amp#27;[0m
]]></system-out>
  </testcase>
  <testcase name="3. No se permite iniciar sesión con un usuario bloqueado" classname="Autenticación de Usuarios en Sauce Demo" time="1.178">
    <system-out><![CDATA[
@SelectClasspathResource("features") @LoginBloqueado
Scenario: 3. No se permite iniciar sesión con un usuario bloqueado                         &amp#27;[90m# features/Login.feature:28&amp#27;[0m
  &amp#27;[32mGiven &amp#27;[0m&amp#27;[32mque el usuario está en la página de login &amp#27;[0m&amp#27;[32m&amp#27;[1m"https://www.saucedemo.com/"&amp#27;[0m             &amp#27;[90m# com.saucedemo.steps.LoginSteps.que_el_usuario_esta_en_la_pagina_de_login(java.lang.String)&amp#27;[0m
  &amp#27;[32mGiven &amp#27;[0m&amp#27;[32mun usuario con credenciales &amp#27;[0m&amp#27;[32m&amp#27;[1m"locked_out_user"&amp#27;[0m&amp#27;[32m y &amp#27;[0m&amp#27;[32m&amp#27;[1m"secret_sauce"&amp#27;[0m                     &amp#27;[90m# com.saucedemo.steps.LoginSteps.un_usuario_con_credenciales(java.lang.String,java.lang.String)&amp#27;[0m
  &amp#27;[32mWhen &amp#27;[0m&amp#27;[32mel usuario intenta iniciar sesión&amp#27;[0m                                                   &amp#27;[90m# com.saucedemo.steps.LoginSteps.el_usuario_intenta_iniciar_sesion()&amp#27;[0m
  &amp#27;[32mThen &amp#27;[0m&amp#27;[32mel inicio de sesión debe fallar&amp#27;[0m                                                     &amp#27;[90m# com.saucedemo.steps.LoginSteps.el_inicio_de_sesion_debe_fallar()&amp#27;[0m
  &amp#27;[32mAnd &amp#27;[0m&amp#27;[32mse muestra el mensaje de error &amp#27;[0m&amp#27;[32m&amp#27;[1m"Epic sadface: Sorry, this user has been locked out."&amp#27;[0m &amp#27;[90m# com.saucedemo.steps.LoginSteps.se_muestra_el_mensaje_de_error(java.lang.String)&amp#27;[0m
]]></system-out>
  </testcase>
  <testcase name="4. El usuario completa el flujo de compra" classname="Autenticación de Usuarios en Sauce Demo" time="1.419">
    <system-out><![CDATA[
@SelectClasspathResource("features") @FlujoCompleto
Scenario: 4. El usuario completa el flujo de compra                            &amp#27;[90m# features/Login.feature:35&amp#27;[0m
  &amp#27;[32mGiven &amp#27;[0m&amp#27;[32mque el usuario está en la página de login &amp#27;[0m&amp#27;[32m&amp#27;[1m"https://www.saucedemo.com/"&amp#27;[0m &amp#27;[90m# com.saucedemo.steps.LoginSteps.que_el_usuario_esta_en_la_pagina_de_login(java.lang.String)&amp#27;[0m
  &amp#27;[32mGiven &amp#27;[0m&amp#27;[32mque el usuario está en la página de login &amp#27;[0m&amp#27;[32m&amp#27;[1m"https://www.saucedemo.com/"&amp#27;[0m &amp#27;[90m# com.saucedemo.steps.LoginSteps.que_el_usuario_esta_en_la_pagina_de_login(java.lang.String)&amp#27;[0m
  &amp#27;[32mGiven &amp#27;[0m&amp#27;[32mun usuario con credenciales &amp#27;[0m&amp#27;[32m&amp#27;[1m"standard_user"&amp#27;[0m&amp#27;[32m y &amp#27;[0m&amp#27;[32m&amp#27;[1m"secret_sauce"&amp#27;[0m           &amp#27;[90m# com.saucedemo.steps.LoginSteps.un_usuario_con_credenciales(java.lang.String,java.lang.String)&amp#27;[0m
  &amp#27;[32mWhen &amp#27;[0m&amp#27;[32mel usuario intenta iniciar sesión&amp#27;[0m                                       &amp#27;[90m# com.saucedemo.steps.LoginSteps.el_usuario_intenta_iniciar_sesion()&amp#27;[0m
  &amp#27;[32mThen &amp#27;[0m&amp#27;[32mel inicio de sesión debe ser exitoso&amp#27;[0m                                    &amp#27;[90m# com.saucedemo.steps.LoginSteps.el_inicio_de_sesion_debe_ser_exitoso()&amp#27;[0m
  &amp#27;[32mWhen &amp#27;[0m&amp#27;[32mel usuario agrega un producto al carrito&amp#27;[0m                                &amp#27;[90m# com.saucedemo.steps.ProductSteps.el_usuario_agrega_un_producto_al_carrito()&amp#27;[0m
  &amp#27;[32mAnd &amp#27;[0m&amp#27;[32mnavega al carrito de compras&amp#27;[0m                                             &amp#27;[90m# com.saucedemo.steps.ProductSteps.navega_al_carrito_de_compras()&amp#27;[0m
  &amp#27;[32mThen &amp#27;[0m&amp#27;[32mel producto es visible en el carrito&amp#27;[0m                                    &amp#27;[90m# com.saucedemo.steps.ProductSteps.el_producto_es_visible_en_el_carrito()&amp#27;[0m
  &amp#27;[32mWhen &amp#27;[0m&amp#27;[32mel usuario inicia el proceso de compra&amp#27;[0m                                  &amp#27;[90m# com.saucedemo.steps.ProductSteps.el_usuario_inicia_el_proceso_de_compra()&amp#27;[0m
  &amp#27;[32mWhen &amp#27;[0m&amp#27;[32mingresa los detalles de compra &amp#27;[0m&amp#27;[32m&amp#27;[1m"Tester"&amp#27;[0m&amp#27;[32m, &amp#27;[0m&amp#27;[32m&amp#27;[1m"Sauce"&amp#27;[0m&amp#27;[32m y &amp#27;[0m&amp#27;[32m&amp#27;[1m"12345"&amp#27;[0m              &amp#27;[90m# com.saucedemo.steps.ProductSteps.ingresa_los_detalles_de_compra(java.lang.String,java.lang.String,java.lang.String)&amp#27;[0m
  &amp#27;[32mWhen &amp#27;[0m&amp#27;[32mconfirma la compra&amp#27;[0m                                                      &amp#27;[90m# com.saucedemo.steps.ProductSteps.confirma_la_compra()&amp#27;[0m
  &amp#27;[32mThen &amp#27;[0m&amp#27;[32mla compra es confirmada con el mensaje &amp#27;[0m&amp#27;[32m&amp#27;[1m"Thank you for your order!"&amp#27;[0m      &amp#27;[90m# com.saucedemo.steps.ProductSteps.la_compra_es_confirmada(java.lang.String)&amp#27;[0m
]]></system-out>
  </testcase>
</testsuite>