<?xml version="1.0" encoding="UTF-8"?>
<testsuite xmlns:xsi="http://www.w3.org/2001/XMLSchema-instance" xsi:noNamespaceSchemaLocation="https://maven.apache.org/surefire/maven-surefire-plugin/xsd/surefire-test-report-3.0.xsd" version="3.0" name="com.serverest.runners.UsersApiTest" time="7.501" tests="8" errors="0" skipped="0" failures="0">
  <properties>
[...]
</properties>
  <testcase name="[1:9] Listar usuarios devuelve 200 y esquema válido" classname="features/users/GetUsers" time="1.353">
    <system-out><![CDATA[11:57:43.916 [main] DEBUG com.jayway.jsonpath.internal.path.CompiledPath - Evaluating path: $
11:57:44.069 [main] DEBUG org.apache.http.client.protocol.RequestAddCookies - CookieSpec selected: karate
11:57:44.072 [main] DEBUG org.apache.http.client.protocol.RequestAuthCache - Auth cache not set in the context
11:57:44.073 [main] DEBUG com.intuit.karate - request:
1 > GET https://serverest.dev/usuarios
1 > Content-Type: application/json
1 > Host: serverest.dev
1 > Connection: Keep-Alive
1 > User-Agent: Apache-HttpClient/4.5.14 (Java/21.0.8)
1 > Accept-Encoding: gzip,deflate


11:57:44.073 [main] DEBUG org.apache.http.impl.conn.PoolingHttpClientConnectionManager - Connection request: [route: {s}->https://serverest.dev:443][total available: 0; route allocated: 0 of 5; total allocated: 0 of 10]
11:57:44.078 [main] DEBUG org.apache.http.impl.conn.PoolingHttpClientConnectionManager - Connection leased: [id: 0][route: {s}->https://serverest.dev:443][total available: 0; route allocated: 1 of 5; total allocated: 1 of 10]
11:57:44.079 [main] DEBUG org.apache.http.impl.execchain.MainClientExec - Opening connection {s}->https://serverest.dev:443
11:57:44.088 [main] DEBUG org.apache.http.impl.conn.DefaultHttpClientConnectionOperator - Connecting to serverest.dev/216.239.38.21:443
11:57:44.088 [main] DEBUG org.apache.http.conn.ssl.SSLConnectionSocketFactory - Connecting socket to serverest.dev/216.239.38.21:443 with timeout 30000
11:57:44.173 [main] DEBUG org.apache.http.conn.ssl.SSLConnectionSocketFactory - Enabled protocols: [TLSv1.3, TLSv1.2]
11:57:44.173 [main] DEBUG org.apache.http.conn.ssl.SSLConnectionSocketFactory - Enabled cipher suites:[TLS_AES_256_GCM_SHA384, TLS_AES_128_GCM_SHA256, TLS_CHACHA20_POLY1305_SHA256, TLS_ECDHE_ECDSA_WITH_AES_256_GCM_SHA384, TLS_ECDHE_ECDSA_WITH_AES_128_GCM_SHA256, TLS_ECDHE_ECDSA_WITH_CHACHA20_POLY1305_SHA256, TLS_ECDHE_RSA_WITH_AES_256_GCM_SHA384, TLS_ECDHE_RSA_WITH_CHACHA20_POLY1305_SHA256, TLS_ECDHE_RSA_WITH_AES_128_GCM_SHA256, TLS_DHE_RSA_WITH_AES_256_GCM_SHA384, TLS_DHE_RSA_WITH_CHACHA20_POLY1305_SHA256, TLS_DHE_DSS_WITH_AES_256_GCM_SHA384, TLS_DHE_RSA_WITH_AES_128_GCM_SHA256, TLS_DHE_DSS_WITH_AES_128_GCM_SHA256, TLS_ECDHE_ECDSA_WITH_AES_256_CBC_SHA384, TLS_ECDHE_RSA_WITH_AES_256_CBC_SHA384, TLS_ECDHE_ECDSA_WITH_AES_128_CBC_SHA256, TLS_ECDHE_RSA_WITH_AES_128_CBC_SHA256, TLS_DHE_RSA_WITH_AES_256_CBC_SHA256, TLS_DHE_DSS_WITH_AES_256_CBC_SHA256, TLS_DHE_RSA_WITH_AES_128_CBC_SHA256, TLS_DHE_DSS_WITH_AES_128_CBC_SHA256, TLS_ECDHE_ECDSA_WITH_AES_256_CBC_SHA, TLS_ECDHE_RSA_WITH_AES_256_CBC_SHA, TLS_ECDHE_ECDSA_WITH_AES_128_CBC_SHA, TLS_ECDHE_RSA_WITH_AES_128_CBC_SHA, TLS_DHE_RSA_WITH_AES_256_CBC_SHA, TLS_DHE_DSS_WITH_AES_256_CBC_SHA, TLS_DHE_RSA_WITH_AES_128_CBC_SHA, TLS_DHE_DSS_WITH_AES_128_CBC_SHA, TLS_RSA_WITH_AES_256_GCM_SHA384, TLS_RSA_WITH_AES_128_GCM_SHA256, TLS_RSA_WITH_AES_256_CBC_SHA256, TLS_RSA_WITH_AES_128_CBC_SHA256, TLS_RSA_WITH_AES_256_CBC_SHA, TLS_RSA_WITH_AES_128_CBC_SHA, TLS_EMPTY_RENEGOTIATION_INFO_SCSV]
11:57:44.173 [main] DEBUG org.apache.http.conn.ssl.SSLConnectionSocketFactory - Starting handshake
11:57:44.406 [main] DEBUG org.apache.http.conn.ssl.SSLConnectionSocketFactory - Secure session established
11:57:44.406 [main] DEBUG org.apache.http.conn.ssl.SSLConnectionSocketFactory -  negotiated protocol: TLSv1.3
11:57:44.406 [main] DEBUG org.apache.http.conn.ssl.SSLConnectionSocketFactory -  negotiated cipher suite: TLS_AES_256_GCM_SHA384
11:57:44.407 [main] DEBUG org.apache.http.conn.ssl.SSLConnectionSocketFactory -  peer principal: CN=serverest.dev
11:57:44.407 [main] DEBUG org.apache.http.conn.ssl.SSLConnectionSocketFactory -  peer alternative names: [serverest.dev]
11:57:44.407 [main] DEBUG org.apache.http.conn.ssl.SSLConnectionSocketFactory -  issuer principal: CN=WR3, O=Google Trust Services, C=US
11:57:44.408 [main] DEBUG org.apache.http.impl.conn.DefaultHttpClientConnectionOperator - Connection established 192.168.1.66:59502<->216.239.38.21:443
11:57:44.408 [main] DEBUG org.apache.http.impl.conn.DefaultManagedHttpClientConnection - http-outgoing-0: set socket timeout to 30000
11:57:44.408 [main] DEBUG org.apache.http.impl.execchain.MainClientExec - Executing request GET /usuarios HTTP/1.1
11:57:44.408 [main] DEBUG org.apache.http.impl.execchain.MainClientExec - Target auth state: UNCHALLENGED
11:57:44.408 [main] DEBUG org.apache.http.impl.execchain.MainClientExec - Proxy auth state: UNCHALLENGED
11:57:44.409 [main] DEBUG org.apache.http.headers - http-outgoing-0 >> GET /usuarios HTTP/1.1
11:57:44.409 [main] DEBUG org.apache.http.headers - http-outgoing-0 >> Content-Type: application/json
11:57:44.409 [main] DEBUG org.apache.http.headers - http-outgoing-0 >> Host: serverest.dev
11:57:44.409 [main] DEBUG org.apache.http.headers - http-outgoing-0 >> Connection: Keep-Alive
11:57:44.409 [main] DEBUG org.apache.http.headers - http-outgoing-0 >> User-Agent: Apache-HttpClient/4.5.14 (Java/21.0.8)
11:57:44.409 [main] DEBUG org.apache.http.headers - http-outgoing-0 >> Accept-Encoding: gzip,deflate
11:57:44.409 [main] DEBUG org.apache.http.wire - http-outgoing-0 >> "GET /usuarios HTTP/1.1[\r][\n]"
11:57:44.409 [main] DEBUG org.apache.http.wire - http-outgoing-0 >> "Content-Type: application/json[\r][\n]"
11:57:44.409 [main] DEBUG org.apache.http.wire - http-outgoing-0 >> "Host: serverest.dev[\r][\n]"
11:57:44.409 [main] DEBUG org.apache.http.wire - http-outgoing-0 >> "Connection: Keep-Alive[\r][\n]"
11:57:44.409 [main] DEBUG org.apache.http.wire - http-outgoing-0 >> "User-Agent: Apache-HttpClient/4.5.14 (Java/21.0.8)[\r][\n]"
11:57:44.409 [main] DEBUG org.apache.http.wire - http-outgoing-0 >> "Accept-Encoding: gzip,deflate[\r][\n]"
11:57:44.409 [main] DEBUG org.apache.http.wire - http-outgoing-0 >> "[\r][\n]"
11:57:44.631 [main] DEBUG org.apache.http.wire - http-outgoing-0 << "HTTP/1.1 200 OK[\r][\n]"
11:57:44.631 [main] DEBUG org.apache.http.wire - http-outgoing-0 << "access-control-allow-origin: *[\r][\n]"
11:57:44.631 [main] DEBUG org.apache.http.wire - http-outgoing-0 << "x-dns-prefetch-control: off[\r][\n]"
11:57:44.631 [main] DEBUG org.apache.http.wire - http-outgoing-0 << "x-frame-options: SAMEORIGIN[\r][\n]"
11:57:44.631 [main] DEBUG org.apache.http.wire - http-outgoing-0 << "strict-transport-security: max-age=15552000; includeSubDomains[\r][\n]"
11:57:44.631 [main] DEBUG org.apache.http.wire - http-outgoing-0 << "x-download-options: noopen[\r][\n]"
11:57:44.631 [main] DEBUG org.apache.http.wire - http-outgoing-0 << "x-content-type-options: nosniff[\r][\n]"
11:57:44.631 [main] DEBUG org.apache.http.wire - http-outgoing-0 << "x-xss-protection: 1; mode=block[\r][\n]"
11:57:44.631 [main] DEBUG org.apache.http.wire - http-outgoing-0 << "content-type: application/json; charset=utf-8[\r][\n]"
11:57:44.632 [main] DEBUG org.apache.http.wire - http-outgoing-0 << "x-cloud-trace-context: 2404ffc29a1e0a3ed39bf363f6877726;o=1[\r][\n]"
11:57:44.632 [main] DEBUG org.apache.http.wire - http-outgoing-0 << "date: Thu, 11 Dec 2025 16:57:45 GMT[\r][\n]"
11:57:44.632 [main] DEBUG org.apache.http.wire - http-outgoing-0 << "server: Google Frontend[\r][\n]"
11:57:44.632 [main] DEBUG org.apache.http.wire - http-outgoing-0 << "Content-Length: 28570[\r][\n]"
11:57:44.632 [main] DEBUG org.apache.http.wire - http-outgoing-0 << "[\r][\n]"
11:57:44.632 [main] DEBUG org.apache.http.wire - http-outgoing-0 << "{[\n]"
11:57:44.632 [main] DEBUG org.apache.http.wire - http-outgoing-0 << "    "quantidade": 128,[\n]"
11:57:44.632 [main] DEBUG org.apache.http.wire - http-outgoing-0 << "    "usuarios": [[\n]"
11:57:44.632 [main] DEBUG org.apache.http.wire - http-outgoing-0 << "        {[\n]"
11:57:44.632 [main] DEBUG org.apache.http.wire - http-outgoing-0 << "            "nome": "Vale_fea391",[\n]"
11:57:44.632 [main] DEBUG org.apache.http.wire - http-outgoing-0 << "            "email": "qa_4d93aab2@teste.com",[\n]"
11:57:44.632 [main] DEBUG org.apache.http.wire - http-outgoing-0 << "            "password": "1234",[\n]"
11:57:44.632 [main] DEBUG org.apache.http.wire - http-outgoing-0 << "            "administrador": "true",[\n]"
11:57:44.632 [main] DEBUG org.apache.http.wire - http-outgoing-0 << "            "_id": "06nduycnj0navttc"[\n]"
11:57:44.632 [main] DEBUG org.apache.http.wire - http-outgoing-0 << "        },[\n]"
11:57:44.632 [main] DEBUG org.apache.http.wire - http-outgoing-0 << "        {[\n]"
11:57:44.632 [main] DEBUG org.apache.http.wire - http-outgoing-0 << "            "nome": "Fulano da Silva",[\n]"
11:57:44.632 [main] DEBUG org.apache.http.wire - http-outgoing-0 << "            "email": "fulano@qa.com",[\n]"
11:57:44.632 [main] DEBUG org.apache.http.wire - http-outgoing-0 << "            "password": "teste",[\n]"
11:57:44.632 [main] DEBUG org.apache.http.wire - http-outgoing-0 << "            "administrador": "true",[\n]"
11:57:44.632 [main] DEBUG org.apache.http.wire - http-outgoing-0 << "            "_id": "0uxuPY0cbmQhpEz1"[\n]"
11:57:44.632 [main] DEBUG org.apache.http.wire - http-outgoing-0 << "        },[\n]"
11:57:44.632 [main] DEBUG org.apache.http.wire - http-outgoing-0 << "        {[\n]"
11:57:44.632 [main] DEBUG org.apache.http.wire - http-outgoing-0 << "            "nome": "Ari_7ec07c",[\n]"
11:57:44.632 [main] DEBUG org.apache.http.wire - http-outgoing-0 << "            "email": "qa_f1c569bc@teste.com",[\n]"
11:57:44.632 [main] DEBUG org.apache.http.wire - http-outgoing-0 << "            "password": "1234",[\n]"
11:57:44.632 [main] DEBUG org.apache.http.wire - http-outgoing-0 << "            "administrador": "true",[\n]"
11:57:44.632 [main] DEBUG org.apache.http.wire - http-outgoing-0 << "            "_id": "16FwvGnYHHGuvED8"[\n]"
11:57:44.632 [main] DEBUG org.apache.http.wire - http-outgoing-0 << "        },[\n]"
11:57:44.632 [main] DEBUG org.apache.http.wire - http-outgoing-0 << "        {[\n]"
11:57:44.632 [main] DEBUG org.apache.http.wire - http-outgoing-0 << "            "nome": "Lucero_b3fdfb",[\n]"
11:57:44.632 [main] DEBUG org.apache.http.wire - http-outgoing-0 << "            "email": "qa_1d2b4558@teste.com",[\n]"
11:57:44.632 [main] DEBUG org.apache.http.wire - http-outgoing-0 << "            "password": "1234",[\n]"
11:57:44.632 [main] DEBUG org.apache.http.wire - http-outgoing-0 << "            "administrador": "true",[\n]"
11:57:44.632 [main] DEBUG org.apache.http.wire - http-outgoing-0 << "            "_id": "1alihb6uMvTdNXa5"[\n]"
11:57:44.632 [main] DEBUG org.apache.http.wire - http-outgoing-0 << "        },[\n]"
11:57:44.632 [main] DEBUG org.apache.http.wire - http-outgoing-0 << "        {[\n]"
11:57:44.632 [main] DEBUG org.apache.http.wire - http-outgoing-0 << "            "nome": "user_1765471717422_xnf6xo",[\n]"
11:57:44.632 [main] DEBUG org.apache.http.wire - http-outgoing-0 << "            "
11:57:44.637 [main] DEBUG org.apache.http.headers - http-outgoing-0 << HTTP/1.1 200 OK
11:57:44.637 [main] DEBUG org.apache.http.headers - http-outgoing-0 << access-control-allow-origin: *
11:57:44.637 [main] DEBUG org.apache.http.headers - http-outgoing-0 << x-dns-prefetch-control: off
11:57:44.637 [main] DEBUG org.apache.http.headers - http-outgoing-0 << x-frame-options: SAMEORIGIN
11:57:44.637 [main] DEBUG org.apache.http.headers - http-outgoing-0 << strict-transport-security: max-age=15552000; includeSubDomains
11:57:44.637 [main] DEBUG org.apache.http.headers - http-outgoing-0 << x-download-options: noopen
11:57:44.637 [main] DEBUG org.apache.http.headers - http-outgoing-0 << x-content-type-options: nosniff
11:57:44.637 [main] DEBUG org.apache.http.headers - http-outgoing-0 << x-xss-protection: 1; mode=block
11:57:44.637 [main] DEBUG org.apache.http.headers - http-outgoing-0 << content-type: application/json; charset=utf-8
11:57:44.637 [main] DEBUG org.apache.http.headers - http-outgoing-0 << x-cloud-trace-context: 2404ffc29a1e0a3ed39bf363f6877726;o=1
11:57:44.637 [main] DEBUG org.apache.http.headers - http-outgoing-0 << date: Thu, 11 Dec 2025 16:57:45 GMT
11:57:44.637 [main] DEBUG org.apache.http.headers - http-outgoing-0 << server: Google Frontend
11:57:44.637 [main] DEBUG org.apache.http.headers - http-outgoing-0 << Content-Length: 28570
11:57:44.639 [main] DEBUG org.apache.http.impl.execchain.MainClientExec - Connection can be kept alive indefinitely
11:57:44.640 [main] DEBUG org.apache.http.wire - http-outgoing-0 << ""email": "1765471717422_y5su@teste.com",[\n]"
11:57:44.640 [main] DEBUG org.apache.http.wire - http-outgoing-0 << "            "password": "senha_1765471717422_vnvolb",[\n]"
11:57:44.640 [main] DEBUG org.apache.http.wire - http-outgoing-0 << "            "administrador": "false",[\n]"
11:57:44.640 [main] DEBUG org.apache.http.wire - http-outgoing-0 << "            "_id": "2429YtcK41zuLPlo"[\n]"
11:57:44.640 [main] DEBUG org.apache.http.wire - http-outgoing-0 << "        },[\n]"
11:57:44.640 [main] DEBUG org.apache.http.wire - http-outgoing-0 << "        {[\n]"
11:57:44.640 [main] DEBUG org.apache.http.wire - http-outgoing-0 << "            "nome": "Alex_e4b8d4",[\n]"
11:57:44.640 [main] DEBUG org.apache.http.wire - http-outgoing-0 << "            "email": "qa_b01e2e3b@teste.com",[\n]"
11:57:44.640 [main] DEBUG org.apache.http.wire - http-outgoing-0 << "            "password": "1234",[\n]"
11:57:44.640 [main] DEBUG org.apache.http.wire - http-outgoing-0 << "            "administrador": "true",[\n]"
11:57:44.640 [main] DEBUG org.apache.http.wire - http-outgoing-0 << "            "_id": "2CH7CJcqBVmxgavU"[\n]"
11:57:44.640 [main] DEBUG org.apache.http.wire - http-outgoing-0 << "        },[\n]"
11:57:44.640 [main] DEBUG org.apache.http.wire - http-outgoing-0 << "        {[\n]"
11:57:44.640 [main] DEBUG org.apache.http.wire - http-outgoing-0 << "            "nome": "Usu[0xc3][0xa1]rio vwhjwb",[\n]"
11:57:44.640 [main] DEBUG org.apache.http.wire - http-outgoing-0 << "            "email": "user_1765465084286@teste.com",[\n]"
11:57:44.640 [main] DEBUG org.apache.http.wire - http-outgoing-0 << "            "password": "Test1234",[\n]"
11:57:44.640 [main] DEBUG org.apache.http.wire - http-outgoing-0 << "            "administrador": "true",[\n]"
11:57:44.640 [main] DEBUG org.apache.http.wire - http-outgoing-0 << "            "_id": "2OkSso6ohbJRbAAX"[\n]"
11:57:44.640 [main] DEBUG org.apache.http.wire - http-outgoing-0 << "        },[\n]"
11:57:44.640 [main] DEBUG org.apache.http.wire - http-outgoing-0 << "        {[\n]"
11:57:44.640 [main] DEBUG org.apache.http.wire - http-outgoing-0 << "            "nome": "Bruce Wayne",[\n]"
11:57:44.640 [main] DEBUG org.apache.http.wire - http-outgoing-0 << "            "email": "test1765471631740@email.com",[\n]"
11:57:44.640 [main] DEBUG org.apache.http.wire - http-outgoing-0 << "            "password": "batmobil123",[\n]"
11:57:44.640 [main] DEBUG org.apache.http.wire - http-outgoing-0 << "            "administrador": "true",[\n]"
11:57:44.640 [main] DEBUG org.apache.http.wire - http-outgoing-0 << "            "_id": "2TUF9oNK0prFDMLr"[\n]"
11:57:44.640 [main] DEBUG org.apache.http.wire - http-outgoing-0 << "        },[\n]"
11:57:44.640 [main] DEBUG org.apache.http.wire - http-outgoing-0 << "        {[\n]"
11:57:44.640 [main] DEBUG org.apache.http.wire - http-outgoing-0 << "            "nome": "Lucero_5153ba",[\n]"
11:57:44.640 [main] DEBUG org.apache.http.wire - http-outgoing-0 << "            "email": "qa_2488aa5a@teste.com",[\n]"
11:57:44.640 [main] DEBUG org.apache.http.wire - http-outgoing-0 << "            "password": "1234",[\n]"
11:57:44.640 [main] DEBUG org.apache.http.wire - http-outgoing-0 << "            "administrador": "true",[\n]"
11:57:44.640 [main] DEBUG org.apache.http.wire - http-outgoing-0 << "            "_id": "2enbf"
11:57:44.640 [main] DEBUG org.apache.http.wire - http-outgoing-0 << "MRDQWNQfOKA"[\n]"
11:57:44.640 [main] DEBUG org.apache.http.wire - http-outgoing-0 << "        },[\n]"
11:57:44.641 [main] DEBUG org.apache.http.wire - http-outgoing-0 << "        {[\n]"
11:57:44.641 [main] DEBUG org.apache.http.wire - http-outgoing-0 << "            "nome": "Eduardo Carlos Lemos",[\n]"
11:57:44.641 [main] DEBUG org.apache.http.wire - http-outgoing-0 << "            "email": "eduardo.anemolos@outlook.com",[\n]"
11:57:44.641 [main] DEBUG org.apache.http.wire - http-outgoing-0 << "            "password": "123456",[\n]"
11:57:44.641 [main] DEBUG org.apache.http.wire - http-outgoing-0 << "            "administrador": "false",[\n]"
11:57:44.641 [main] DEBUG org.apache.http.wire - http-outgoing-0 << "            "_id": "35wtyymU4jPH67mu"[\n]"
11:57:44.641 [main] DEBUG org.apache.http.wire - http-outgoing-0 << "        },[\n]"
11:57:44.641 [main] DEBUG org.apache.http.wire - http-outgoing-0 << "        {[\n]"
11:57:44.641 [main] DEBUG org.apache.http.wire - http-outgoing-0 << "            "nome": "Tommie Mann",[\n]"
11:57:44.641 [main] DEBUG org.apache.http.wire - http-outgoing-0 << "            "email": "otto.boehm@yahoo.com",[\n]"
11:57:44.641 [main] DEBUG org.apache.http.wire - http-outgoing-0 << "            "password": "123456",[\n]"
11:57:44.641 [main] DEBUG org.apache.http.wire - http-outgoing-0 << "        "
11:57:44.641 [main] DEBUG org.apache.http.wire - http-outgoing-0 << "    "administrador": "true",[\n]"
11:57:44.641 [main] DEBUG org.apache.http.wire - http-outgoing-0 << "            "_id": "3U54uiPdg69XNlQp"[\n]"
11:57:44.641 [main] DEBUG org.apache.http.wire - http-outgoing-0 << "        },[\n]"
11:57:44.641 [main] DEBUG org.apache.http.wire - http-outgoing-0 << "        {[\n]"
11:57:44.641 [main] DEBUG org.apache.http.wire - http-outgoing-0 << "            "nome": "Fulaninho Nascimento",[\n]"
11:57:44.641 [main] DEBUG org.apache.http.wire - http-outgoing-0 << "            "email": "marta@qa.com",[\n]"
11:57:44.641 [main] DEBUG org.apache.http.wire - http-outgoing-0 << "            "password": "teste",[\n]"
11:57:44.641 [main] DEBUG org.apache.http.wire - http-outgoing-0 << "            "administrador": "true",[\n]"
11:57:44.641 [main] DEBUG org.apache.http.wire - http-outgoing-0 << "            "_id": "3mqgbXok1BhrY98Y"[\n]"
11:57:44.641 [main] DEBUG org.apache.http.wire - http-outgoing-0 << "        },[\n]"
11:57:44.641 [main] DEBUG org.apache.http.wire - http-outgoing-0 << "        {[\n]"
11:57:44.641 [main] DEBUG org.apache.http.wire - http-outgoing-0 << "            "nome": "Pedro da Silva",[\n]"
11:57:44.641 [main] DEBUG org.apache.http.wire - http-outgoing-0 << "            "email": "pedro@qa.com.br",[\n]"
11:57:44.641 [main] DEBUG org.apache.http.wire - http-outgoing-0 << "            "password": "teste",[\n]"
11:57:44.641 [main] DEBUG org.apache.http.wire - http-outgoing-0 << "            "administrador": "true",[\n]"
11:57:44.641 [main] DEBUG org.apache.http.wire - http-outgoing-0 << "            "_id": "3pVOMxinQFHnWrAn"[\n]"
11:57:44.641 [main] DEBUG org.apache.http.wire - http-outgoing-0 << "        },[\n]"
11:57:44.641 [main] DEBUG org.apache.http.wire - http-outgoing-0 << "        {[\n]"
11:57:44.641 [main] DEBUG org.apache.http.wire - http-outgoing-0 << "            "nome": "Bruce Wayne",[\n]"
11:57:44.641 [main] DEBUG org.apache.http.wire - http-outgoing-0 << "            "email": "fixed1765471718483@email.com",[\n]"
11:57:44.641 [main] DEBUG org.apache.http.wire - http-outgoing-0 << "            "password": "test",[\n]"
11:57:44.641 [main] DEBUG org.apache.http.wire - http-outgoing-0 << "            "administrador": "true",[\n]"
11:57:44.641 [main] DEBUG org.apache.http.wire - http-outgoing-0 << "            "_id": "47GJw74TBA42vpCe"[\n]"
11:57:44.641 [main] DEBUG org.apache.http.wire - http-outgoing-0 << "        },[\n]"
11:57:44.641 [main] DEBUG org.apache.http.wire - http-outgoing-0 << "        {[\n]"
11:57:44.641 [main] DEBUG org.apache.http.wire - http-outgoing-0 << "            "nome": "Bruce Wayne",[\n]"
11:57:44.641 [main] DEBUG org.apache.http.wire - http-outgoing-0 << "            "email": "test1765470936519@email.com",[\n]"
11:57:44.641 [main] DEBUG org.apache.http.wire - http-outgoing-0 << "            "password": "batmobil123",[\n]"
11:57:44.641 [main] DEBUG org.apache.http.wire - http-outgoing-0 << "            "administrador": "true",[\n]"
11:57:44.641 [main] DEBUG org.apache.http.wire - http-outgoing-0 << "            "_id": "4nQncoTJwLk4dNNP"[\n]"
11:57:44.641 [main] DEBUG org.apache.http.wire - http-outgoing-0 << "        },[\n]"
11:57:44.641 [main] DEBUG org.apache.http.wire - http-outgoing-0 << "        {[\n]"
11:57:44.641 [main] DEBUG org.apache.http.wire - http-outgoing-0 << "            "nome": "user_1765467578600_s7va4c",[\n]"
11:57:44.641 [main] DEBUG org.apache.http.wire - http-outgoing-0 << "            "email": "1765467578"
11:57:44.641 [main] DEBUG org.apache.http.wire - http-outgoing-0 << "600_5syb@teste.com",[\n]"
11:57:44.641 [main] DEBUG org.apache.http.wire - http-outgoing-0 << "            "password": "zrwzlwp6",[\n]"
11:57:44.641 [main] DEBUG org.apache.http.wire - http-outgoing-0 << "            "administrador": "true",[\n]"
11:57:44.641 [main] DEBUG org.apache.http.wire - http-outgoing-0 << "            "_id": "56ion8RwVGNsxRxQ"[\n]"
11:57:44.641 [main] DEBUG org.apache.http.wire - http-outgoing-0 << "        },[\n]"
11:57:44.641 [main] DEBUG org.apache.http.wire - http-outgoing-0 << "        {[\n]"
11:57:44.641 [main] DEBUG org.apache.http.wire - http-outgoing-0 << "            "nome": "Bruce Wayne",[\n]"
11:57:44.641 [main] DEBUG org.apache.http.wire - http-outgoing-0 << "            "email": "fixed1765471640009@email.com",[\n]"
11:57:44.642 [main] DEBUG org.apache.http.wire - http-outgoing-0 << "            "password": "test",[\n]"
11:57:44.642 [main] DEBUG org.apache.http.wire - http-outgoing-0 << "            "administrador": "true",[\n]"
11:57:44.642 [main] DEBUG org.apache.http.wire - http-outgoing-0 << "            "_id": "5SOzSkIMQyygIpEH"[\n]"
11:57:44.642 [main] DEBUG org.apache.http.wire - http-outgoing-0 << "        },[\n]"
11:57:44.642 [main] DEBUG org.apache.http.wire - http-outgoing-0 << "        {[\n]"
11:57:44.642 [main] DEBUG org.apache.http.wire - http-outgoing-0 << "            "no"
11:57:44.642 [main] DEBUG org.apache.http.wire - http-outgoing-0 << "me": "user_1765466032289_8kqjjo",[\n]"
11:57:44.642 [main] DEBUG org.apache.http.wire - http-outgoing-0 << "            "email": "1765466032289_wmjt@teste.com",[\n]"
11:57:44.642 [main] DEBUG org.apache.http.wire - http-outgoing-0 << "            "password": "senha_1765466032289_pi54ju",[\n]"
11:57:44.642 [main] DEBUG org.apache.http.wire - http-outgoing-0 << "            "administrador": "false",[\n]"
11:57:44.642 [main] DEBUG org.apache.http.wire - http-outgoing-0 << "            "_id": "6DKmpqqPKcpvhFkP"[\n]"
11:57:44.642 [main] DEBUG org.apache.http.wire - http-outgoing-0 << "        },[\n]"
11:57:44.642 [main] DEBUG org.apache.http.wire - http-outgoing-0 << "        {[\n]"
11:57:44.642 [main] DEBUG org.apache.http.wire - http-outgoing-0 << "            "nome": "Bruce Wayne",[\n]"
11:57:44.642 [main] DEBUG org.apache.http.wire - http-outgoing-0 << "            "email": "test1765470965089@email.com",[\n]"
11:57:44.642 [main] DEBUG org.apache.http.wire - http-outgoing-0 << "       "
11:57:44.642 [main] DEBUG org.apache.http.wire - http-outgoing-0 << "     "password": "batmobil123",[\n]"
11:57:44.642 [main] DEBUG org.apache.http.wire - http-outgoing-0 << "            "administrador": "true",[\n]"
11:57:44.642 [main] DEBUG org.apache.http.wire - http-outgoing-0 << "            "_id": "77vJ225v9kuPR0nf"[\n]"
11:57:44.642 [main] DEBUG org.apache.http.wire - http-outgoing-0 << "        },[\n]"
11:57:44.642 [main] DEBUG org.apache.http.wire - http-outgoing-0 << "        {[\n]"
11:57:44.642 [main] DEBUG org.apache.http.wire - http-outgoing-0 << "            "nome": "Atualizado_#(id)",[\n]"
11:57:44.642 [main] DEBUG org.apache.http.wire - http-outgoing-0 << "            "email": "qa_0e2876cc@teste.com",[\n]"
11:57:44.642 [main] DEBUG org.apache.http.wire - http-outgoing-0 << "            "password": "1234",[\n]"
11:57:44.642 [main] DEBUG org.apache.http.wire - http-outgoing-0 << "            "administrador": "false",[\n]"
11:57:44.642 [main] DEBUG org.apache.http.wire - http-outgoing-0 << "            "_id": "7OKWEJGO345fGygb"[\n]"
11:57:44.642 [main] DEBUG org.apache.http.wire - http-outgoing-0 << "        },[\n]"
11:57:44.642 [main] DEBUG org.apache.http.wire - http-outgoing-0 << "        {[\n]"
11:57:44.642 [main] DEBUG org.apache.http.wire - http-outgoing-0 << "            "nome": "user_1765471509262_okt3zu",[\n]"
11:57:44.642 [main] DEBUG org.apache.http.wire - http-outgoing-0 << "            "email": "1765471509262_nubu@teste.com",[\n]"
11:57:44.642 [main] DEBUG org.apache.http.wire - http-outgoing-0 << "            "password": "senha_1765471509262_xkuolg",[\n]"
11:57:44.642 [main] DEBUG org.apache.http.wire - http-outgoing-0 << "            "administrador": "false",[\n]"
11:57:44.642 [main] DEBUG org.apache.http.wire - http-outgoing-0 << "            "_id": "7TD47S3g1WZwTlNL"[\n]"
11:57:44.642 [main] DEBUG org.apache.http.wire - http-outgoing-0 << "        },[\n]"
11:57:44.642 [main] DEBUG org.apache.http.wire - http-outgoing-0 << "        {[\n]"
11:57:44.642 [main] DEBUG org.apache.http.wire - http-outgoing-0 << "            "nome": "user_1765470983042_opjb75",[\n]"
11:57:44.642 [main] DEBUG org.apache.http.wire - http-outgoing-0 << "            "email": "1765470983042_a9k3@teste.com",[\n]"
11:57:44.642 [main] DEBUG org.apache.http.wire - http-outgoing-0 << "            "password": "senha_1765470983042_jszfvg",[\n]"
11:57:44.642 [main] DEBUG org.apache.http.wire - http-outgoing-0 << "            "administrador": "false",[\n]"
11:57:44.642 [main] DEBUG org.apache.http.wire - http-outgoing-0 << "            "_id": "9ZDg6sQNTIA7lmZk"[\n]"
11:57:44.642 [main] DEBUG org.apache.http.wire - http-outgoing-0 << "        },[\n]"
11:57:44.642 [main] DEBUG org.apache.http.wire - http-outgoing-0 << "        {[\n]"
11:57:44.642 [main] DEBUG org.apache.http.wire - http-outgoing-0 << "            "nome": "user_1765471513625_zoykaz",[\n]"
11:57:44.642 [main] DEBUG org.apache.http.wire - http-outgoing-0 << "            "email": "1765471513625_gmko@teste.com",[\n]"
11:57:44.642 [main] DEBUG org.apache.http.wire - http-outgoing-0 << "            "password": "1sai2zbb",[\n]"
11:57:44.642 [main] DEBUG org.apache.http.wire - http-outgoing-0 << "            "administrador": "true",[\n]"
11:57:44.643 [main] DEBUG org.apache.http.wire - http-outgoing-0 << "            "_id": "AHeFVj0CVHw3pBEV"[\n]"
11:57:44.643 [main] DEBUG org.apache.http.wire - http-outgoing-0 << "        },[\n]"
11:57:44.643 [main] DEBUG org.apache.http.wire - http-outgoing-0 << "        {[\n]"
11:57:44.643 [main] DEBUG org.apache.http.wire - http-outgoing-0 << "            "nome": "Bruce Wayne",[\n]"
11:57:44.643 [main] DEBUG org.apache.http.wire - http-outgoing-0 << "            "email": "fixed1765471872963@email.com",[\n]"
11:57:44.643 [main] DEBUG org.apache.http.wire - http-outgoing-0 << "            "password": "test",[\n]"
11:57:44.643 [main] DEBUG org.apache.http.wire - http-outgoing-0 << "            "administrador": "true",[\n]"
11:57:44.643 [main] DEBUG org.apache.http.wire - http-outgoing-0 << "            "_id": "AkSDblc4zPdNsOQ1"[\n]"
11:57:44.643 [main] DEBUG org.apache.http.wire - http-outgoing-0 << "        },[\n]"
11:57:44.643 [main] DEBUG org.apache.http.wire - http-outgoing-0 << "        {[\n]"
11:57:44.643 [main] DEBUG org.apache.http.wire - http-outgoing-0 << "            "nome": "Bruce Wayne",[\n]"
11:57:44.643 [main] DEBUG org.apache.http.wire - http-outgoing-0 << "            "email": "test1765471882609@email.com",[\n]"
11:57:44.643 [main] DEBUG org.apache.http.wire - http-outgoing-0 << "            "password""
11:57:44.643 [main] DEBUG org.apache.http.wire - http-outgoing-0 << ": "batmobil123",[\n]"
11:57:44.643 [main] DEBUG org.apache.http.wire - http-outgoing-0 << "            "administrador": "true",[\n]"
11:57:44.643 [main] DEBUG org.apache.http.wire - http-outgoing-0 << "            "_id": "AmQ9DggyxaITvY4y"[\n]"
11:57:44.643 [main] DEBUG org.apache.http.wire - http-outgoing-0 << "        },[\n]"
11:57:44.643 [main] DEBUG org.apache.http.wire - http-outgoing-0 << "        {[\n]"
11:57:44.643 [main] DEBUG org.apache.http.wire - http-outgoing-0 << "            "nome": "user_1765470057472_fhvqpk",[\n]"
11:57:44.643 [main] DEBUG org.apache.http.wire - http-outgoing-0 << "            "email": "1765470057472_jl6y@teste.com",[\n]"
11:57:44.643 [main] DEBUG org.apache.http.wire - http-outgoing-0 << "            "password": "wuavm4r0",[\n]"
11:57:44.643 [main] DEBUG org.apache.http.wire - http-outgoing-0 << "            "administrador": "true",[\n]"
11:57:44.643 [main] DEBUG org.apache.http.wire - http-outgoing-0 << "            "_id": "BMjxb9aD8u7rDyVB"[\n]"
11:57:44.643 [main] DEBUG org.apache.http.wire - http-outgoing-0 << "        },[\n]"
11:57:44.643 [main] DEBUG org.apache.http.wire - http-outgoing-0 << "        {[\n]"
11:57:44.643 [main] DEBUG org.apache.http.wire - http-outgoing-0 << "            "nome": "Bruce Wayne",[\n]"
11:57:44.643 [main] DEBUG org.apache.http.wire - http-outgoing-0 << "            "email": "test1765470939662@email.com",[\n]"
11:57:44.643 [main] DEBUG org.apache.http.wire - http-outgoing-0 << "            "password": "batmobil123",[\n]"
11:57:44.643 [main] DEBUG org.apache.http.wire - http-outgoing-0 << "            "administrador": "true",[\n]"
11:57:44.643 [main] DEBUG org.apache.http.wire - http-outgoing-0 << "            "_id": "Bnct4ivk7Qph6xYc"[\n]"
11:57:44.643 [main] DEBUG org.apache.http.wire - http-outgoing-0 << "        },[\n]"
11:57:44.643 [main] DEBUG org.apache.http.wire - http-outgoing-0 << "        {[\n]"
11:57:44.643 [main] DEBUG org.apache.http.wire - http-outgoing-0 << "            "nome": "user_1765470053056_8c022n",[\n]"
11:57:44.643 [main] DEBUG org.apache.http.wire - http-outgoing-0 << "            "email": "1765470053056_86hh@teste.com",[\n]"
11:57:44.643 [main] DEBUG org.apache.http.wire - http-outgoing-0 << "            "password": "senha_1765470053056_jht5d4",[\n]"
11:57:44.643 [main] DEBUG org.apache.http.wire - http-outgoing-0 << "            "administrador": "false",[\n]"
11:57:44.643 [main] DEBUG org.apache.http.wire - http-outgoing-0 << "            "_id": "CGkSisHohzqMnazc"[\n]"
11:57:44.643 [main] DEBUG org.apache.http.wire - http-outgoing-0 << "        },[\n]"
11:57:44.643 [main] DEBUG org.apache.http.wire - http-outgoing-0 << "        {[\n]"
11:57:44.643 [main] DEBUG org.apache.http.wire - http-outgoing-0 << "            "nome": "Bruce Wayne",[\n]"
11:57:44.643 [main] DEBUG org.apache.http.wire - http-outgoing-0 << "            "email": "test1765471883482@email.com",[\n]"
11:57:44.643 [main] DEBUG org.apache.http.wire - http-outgoing-0 << "            "password": "batmobil123",[\n]"
11:57:44.644 [main] DEBUG org.apache.http.wire - http-outgoing-0 << "            "administrador": "true",[\n]"
11:57:44.644 [main] DEBUG org.apache.http.wire - http-outgoing-0 << "            "_id": "D7N8yBMnaM8g0HfE"[\n]"
11:57:44.644 [main] DEBUG org.apache.http.wire - http-outgoing-0 << " "
11:57:44.644 [main] DEBUG org.apache.http.wire - http-outgoing-0 << "       },[\n]"
11:57:44.644 [main] DEBUG org.apache.http.wire - http-outgoing-0 << "        {[\n]"
11:57:44.644 [main] DEBUG org.apache.http.wire - http-outgoing-0 << "            "nome": "Bruce Wayne",[\n]"
11:57:44.644 [main] DEBUG org.apache.http.wire - http-outgoing-0 << "            "email": "test1765471442679@email.com",[\n]"
11:57:44.644 [main] DEBUG org.apache.http.wire - http-outgoing-0 << "            "password": "batmobil123",[\n]"
11:57:44.644 [main] DEBUG org.apache.http.wire - http-outgoing-0 << "            "administrador": "true",[\n]"
11:57:44.644 [main] DEBUG org.apache.http.wire - http-outgoing-0 << "            "_id": "E8nPhyREn0Y5xqP9"[\n]"
11:57:44.644 [main] DEBUG org.apache.http.wire - http-outgoing-0 << "        },[\n]"
11:57:44.644 [main] DEBUG org.apache.http.wire - http-outgoing-0 << "        {[\n]"
11:57:44.644 [main] DEBUG org.apache.http.wire - http-outgoing-0 << "            "nome": "Dana_009e80",[\n]"
11:57:44.644 [main] DEBUG org.apache.http.wire - http-outgoing-0 << "            "email": "qa_962e8a5e@teste.com",[\n]"
11:57:44.644 [main] DEBUG org.apache.http.wire - http-outgoing-0 << "            "password": "1234",[\n]"
11:57:44.644 [main] DEBUG org.apache.http.wire - http-outgoing-0 << "            "administrador": "
11:57:44.644 [main] DEBUG org.apache.http.wire - http-outgoing-0 << ""true",[\n]"
11:57:44.644 [main] DEBUG org.apache.http.wire - http-outgoing-0 << "            "_id": "ECoklC8YbN9pHSiP"[\n]"
11:57:44.644 [main] DEBUG org.apache.http.wire - http-outgoing-0 << "        },[\n]"
11:57:44.644 [main] DEBUG org.apache.http.wire - http-outgoing-0 << "        {[\n]"
11:57:44.644 [main] DEBUG org.apache.http.wire - http-outgoing-0 << "            "nome": "api_1765470778726_wv4ie1",[\n]"
11:57:44.644 [main] DEBUG org.apache.http.wire - http-outgoing-0 << "            "email": "1765470778726_pcp4@teste.com",[\n]"
11:57:44.644 [main] DEBUG org.apache.http.wire - http-outgoing-0 << "            "password": "krm667lr",[\n]"
11:57:44.644 [main] DEBUG org.apache.http.wire - http-outgoing-0 << "            "administrador": "true",[\n]"
11:57:44.644 [main] DEBUG org.apache.http.wire - http-outgoing-0 << "            "_id": "FT8slTCJ3FNNQ7lo"[\n]"
11:57:44.644 [main] DEBUG org.apache.http.wire - http-outgoing-0 << "        },[\n]"
11:57:44.644 [main] DEBUG org.apache.http.wire - http-outgoing-0 << "        {[\n]"
11:57:44.644 [main] DEBUG org.apache.http.wire - http-outgoing-0 << "            "nome": "Bruce Wayne",[\n]"
11:57:44.644 [main] DEBUG org.apache.http.wire - http-outgoing-0 << "            "email": "test1765470986965@email.com",[\n]"
11:57:44.644 [main] DEBUG org.apache.http.wire - http-outgoing-0 << "            "password": "batmobil123",[\n]"
11:57:44.644 [main] DEBUG org.apache.http.wire - http-outgoing-0 << "            "administrador": "true",[\n]"
11:57:44.644 [main] DEBUG org.apache.http.wire - http-outgoing-0 << "            "_id": "Fk3xLLButiClex88"[\n]"
11:57:44.644 [main] DEBUG org.apache.http.wire - http-outgoing-0 << "        },[\n]"
11:57:44.644 [main] DEBUG org.apache.http.wire - http-outgoing-0 << "        {[\n]"
11:57:44.644 [main] DEBUG org.apache.http.wire - http-outgoing-0 << "            "nome": "user_1765470780882_1pzkn6",[\n]"
11:57:44.644 [main] DEBUG org.apache.http.wire - http-outgoing-0 << "            "email": "1765470780882_q3d8@teste.com",[\n]"
11:57:44.644 [main] DEBUG org.apache.http.wire - http-outgoing-0 << "            "password": "senha_1765470780882_8cnvss",[\n]"
11:57:44.644 [main] DEBUG org.apache.http.wire - http-outgoing-0 << "            "administrador": "false",[\n]"
11:57:44.644 [main] DEBUG org.apache.http.wire - http-outgoing-0 << "            "_id": "FvsNnsTC45nrR3Dh"[\n]"
11:57:44.644 [main] DEBUG org.apache.http.wire - http-outgoing-0 << "        },[\n]"
11:57:44.644 [main] DEBUG org.apache.http.wire - http-outgoing-0 << "        {[\n]"
11:57:44.644 [main] DEBUG org.apache.http.wire - http-outgoing-0 << "            "nome": "user_1765466849345_oi27dw",[\n]"
11:57:44.644 [main] DEBUG org.apache.http.wire - http-outgoing-0 << "            "email": "1765466849345_48r7@teste.com",[\n]"
11:57:44.644 [main] DEBUG org.apache.http.wire - http-outgoing-0 << "            "password": "vxw1ai1m",[\n]"
11:57:44.644 [main] DEBUG org.apache.http.wire - http-outgoing-0 << "            "administrador": "true",[\n]"
11:57:44.644 [main] DEBUG org.apache.http.wire - http-outgoing-0 << "            "_id": "G0yrvNZa5HLUTuKw"[\n]"
11:57:44.644 [main] DEBUG org.apache.http.wire - http-outgoing-0 << "        },[\n]"
11:57:44.644 [main] DEBUG org.apache.http.wire - http-outgoing-0 << "        {[\n]"
11:57:44.644 [main] DEBUG org.apache.http.wire - http-outgoing-0 << "            "no"
11:57:44.644 [main] DEBUG org.apache.http.wire - http-outgoing-0 << "me": "api_1765470980842_1ix08x",[\n]"
11:57:44.644 [main] DEBUG org.apache.http.wire - http-outgoing-0 << "            "email": "1765470980842_uofr@teste.com",[\n]"
11:57:44.644 [main] DEBUG org.apache.http.wire - http-outgoing-0 << "            "password": "old4glgm",[\n]"
11:57:44.644 [main] DEBUG org.apache.http.wire - http-outgoing-0 << "            "administrador": "true",[\n]"
11:57:44.644 [main] DEBUG org.apache.http.wire - http-outgoing-0 << "            "_id": "GH2j1cVlAFzdO7EE"[\n]"
11:57:44.644 [main] DEBUG org.apache.http.wire - http-outgoing-0 << "        },[\n]"
11:57:44.644 [main] DEBUG org.apache.http.wire - http-outgoing-0 << "        {[\n]"
11:57:44.644 [main] DEBUG org.apache.http.wire - http-outgoing-0 << "            "nome": "user_176547080531"
11:57:44.645 [main] DEBUG org.apache.http.wire - http-outgoing-0 << "5_eyg1je",[\n]"
11:57:44.645 [main] DEBUG org.apache.http.wire - http-outgoing-0 << "            "email": "1765470805315_a0in@teste.com",[\n]"
11:57:44.645 [main] DEBUG org.apache.http.wire - http-outgoing-0 << "            "password": "paupqrze",[\n]"
11:57:44.645 [main] DEBUG org.apache.http.wire - http-outgoing-0 << "            "administrador": "true",[\n]"
11:57:44.645 [main] DEBUG org.apache.http.wire - http-outgoing-0 << "            "_id": "GZEheGCeyroSJi2I"[\n]"
11:57:44.645 [main] DEBUG org.apache.http.wire - http-outgoing-0 << "        },[\n]"
11:57:44.645 [main] DEBUG org.apache.http.wire - http-outgoing-0 << "        {[\n]"
11:57:44.645 [main] DEBUG org.apache.http.wire - http-outgoing-0 << "            "nome": "Bruce Wayne",[\n]"
11:57:44.645 [main] DEBUG org.apache.http.wire - http-outgoing-0 << "            "email": "test1765471602274@email.com",[\n]"
11:57:44.645 [main] DEBUG org.apache.http.wire - http-outgoing-0 << "            "password": "batmobil123",[\n]"
11:57:44.645 [main] DEBUG org.apache.http.wire - http-outgoing-0 << "            "administrador": "true",[\n]"
11:57:44.645 [main] DEBUG org.apache.http.wire - http-outgoing-0 << "            "_id": "GcP05L8uFzSN0jAu"[\n]"
11:57:44.645 [main] DEBUG org.apache.http.wire - http-outgoing-0 << "        },[\n]"
11:57:44.645 [main] DEBUG org.apache.http.wire - http-outgoing-0 << "        {[\n]"
11:57:44.645 [main] DEBUG org.apache.http.wire - http-outgoing-0 << "            "nome": "api_1765471715290_i9urmd",[\n]"
11:57:44.645 [main] DEBUG org.apache.http.wire - http-outgoing-0 << "            "email": "1765471715290_69k5@teste.com",[\n]"
11:57:44.645 [main] DEBUG org.apache.http.wire - http-outgoing-0 << "            "password": "inwjdg4c",[\n]"
11:57:44.645 [main] DEBUG org.apache.http.wire - http-outgoing-0 << "            "administrador": "true",[\n]"
11:57:44.645 [main] DEBUG org.apache.http.wire - http-outgoing-0 << "            "_id": "GjIgMyMac3Ut8yPl"[\n]"
11:57:44.645 [main] DEBUG org.apache.http.wire - http-outgoing-0 << "        },[\n]"
11:57:44.645 [main] DEBUG org.apache.http.wire - http-outgoing-0 << "        {[\n]"
11:57:44.645 [main] DEBUG org.apache.http.wire - http-outgoing-0 << "            "nome": "Bruce Wayne",[\n]"
11:57:44.645 [main] DEBUG org.apache.http.wire - http-outgoing-0 << "            "email": "fixed1765471680355@email.com",[\n]"
11:57:44.645 [main] DEBUG org.apache.http.wire - http-outgoing-0 << "            "password": "test",[\n]"
11:57:44.645 [main] DEBUG org.apache.http.wire - http-outgoing-0 << "            "administrador": "true",[\n]"
11:57:44.645 [main] DEBUG org.apache.http.wire - http-outgoing-0 << "            "_id": "GkuSwy8B940UsCPm"[\n]"
11:57:44.645 [main] DEBUG org.apache.http.wire - http-outgoing-0 << "        },[\n]"
11:57:44.645 [main] DEBUG org.apache.http.wire - http-outgoing-0 << "        {[\n]"
11:57:44.645 [main] DEBUG org.apache.http.wire - http-outgoing-0 << "            "nome": "Bruce Wayne",[\n]"
11:57:44.645 [main] DEBUG org.apache.http.wire - http-outgoing-0 << "            "email": "test1765471637720@email.com",[\n]"
11:57:44.645 [main] DEBUG org.apache.http.wire - http-outgoing-0 << "            "password": "batmobil123",[\n]"
11:57:44.645 [main] DEBUG org.apache.http.wire - http-outgoing-0 << "            "administrador": "t"
11:57:44.645 [main] DEBUG org.apache.http.wire - http-outgoing-0 << "rue",[\n]"
11:57:44.645 [main] DEBUG org.apache.http.wire - http-outgoing-0 << "            "_id": "GrroNbB77ZZBKsdr"[\n]"
11:57:44.645 [main] DEBUG org.apache.http.wire - http-outgoing-0 << "        },[\n]"
11:57:44.645 [main] DEBUG org.apache.http.wire - http-outgoing-0 << "        {[\n]"
11:57:44.645 [main] DEBUG org.apache.http.wire - http-outgoing-0 << "            "nome": "Glynda Crooks",[\n]"
11:57:44.645 [main] DEBUG org.apache.http.wire - http-outgoing-0 << "            "email": "mitch.ziemann@gmail.com",[\n]"
11:57:44.645 [main] DEBUG org.apache.http.wire - http-outgoing-0 << "            "password": "123456",[\n]"
11:57:44.645 [main] DEBUG org.apache.http.wire - http-outgoing-0 << "            "administrador": "true",[\n]"
11:57:44.645 [main] DEBUG org.apache.http.wire - http-outgoing-0 << "            "_id": "IDPcdHry7fjBifst"[\n]"
11:57:44.645 [main] DEBUG org.apache.http.wire - http-outgoing-0 << "        },[\n]"
11:57:44.645 [main] DEBUG org.apache.http.wire - http-outgoing-0 << "        {[\n]"
11:57:44.645 [main] DEBUG org.apache.http.wire - http-outgoing-0 << "            "nome": "Lucero_f9b457",[\n]"
11:57:44.645 [main] DEBUG org.apache.http.wire - http-outgoing-0 << "            "email": "qa_8f021797@teste.com",[\n]"
11:57:44.645 [main] DEBUG org.apache.http.wire - http-outgoing-0 << "            "password"
11:57:44.673 [main] DEBUG org.apache.http.wire - http-outgoing-0 << "": "1234",[\n]"
11:57:44.673 [main] DEBUG org.apache.http.wire - http-outgoing-0 << "            "administrador": "true",[\n]"
11:57:44.673 [main] DEBUG org.apache.http.wire - http-outgoing-0 << "            "_id": "INkGYeTWqpSwDN8C"[\n]"
11:57:44.673 [main] DEBUG org.apache.http.wire - http-outgoing-0 << "        },[\n]"
11:57:44.673 [main] DEBUG org.apache.http.wire - http-outgoing-0 << "        {[\n]"
11:57:44.674 [main] DEBUG org.apache.http.wire - http-outgoing-0 << "            "nome": "Alex_5da685",[\n]"
11:57:44.674 [main] DEBUG org.apache.http.wire - http-outgoing-0 << "            "email": "qa_4b19f531@teste.com",[\n]"
11:57:44.674 [main] DEBUG org.apache.http.wire - http-outgoing-0 << "            "password": "1234",[\n]"
11:57:44.674 [main] DEBUG org.apache.http.wire - http-outgoing-0 << "            "administrador": "true",[\n]"
11:57:44.674 [main] DEBUG org.apache.http.wire - http-outgoing-0 << "            "_id": "Ixqzges4c2gxCobk"[\n]"
11:57:44.674 [main] DEBUG org.apache.http.wire - http-outgoing-0 << "        },[\n]"
11:57:44.674 [main] DEBUG org.apache.http.wire - http-outgoing-0 << "        {[\n]"
11:57:44.674 [main] DEBUG org.apache.http.wire - http-outgoing-0 << "            "nome": "Bruce Wayne",[\n]"
11:57:44.674 [main] DEBUG org.apache.http.wire - http-outgoing-0 << "            "email": "fixed1765471656722@email.com",[\n]"
11:57:44.674 [main] DEBUG org.apache.http.wire - http-outgoing-0 << "            "password": "test",[\n]"
11:57:44.674 [main] DEBUG org.apache.http.wire - http-outgoing-0 << "            "administrador": "true",[\n]"
11:57:44.674 [main] DEBUG org.apache.http.wire - http-outgoing-0 << "            "_id": "J3dr1rbQyQgyN4V2"[\n]"
11:57:44.674 [main] DEBUG org.apache.http.wire - http-outgoing-0 << "        },[\n]"
11:57:44.674 [main] DEBUG org.apache.http.wire - http-outgoing-0 << "        {[\n]"
11:57:44.674 [main] DEBUG org.apache.http.wire - http-outgoing-0 << "            "nome": "Leo_b966bb",[\n]"
11:57:44.674 [main] DEBUG org.apache.http.wire - http-outgoing-0 << "            "email": "qa_9399eba3@teste.com",[\n]"
11:57:44.674 [main] DEBUG org.apache.http.wire - http-outgoing-0 << "            "password": "1234",[\n]"
11:57:44.674 [main] DEBUG org.apache.http.wire - http-outgoing-0 << "            "administrador": "true",[\n]"
11:57:44.674 [main] DEBUG org.apache.http.wire - http-outgoing-0 << "            "_id": "JFM5S2pCJDHbhMkM"[\n]"
11:57:44.674 [main] DEBUG org.apache.http.wire - http-outgoing-0 << "        },[\n]"
11:57:44.674 [main] DEBUG org.apache.http.wire - http-outgoing-0 << "        {[\n]"
11:57:44.674 [main] DEBUG org.apache.http.wire - http-outgoing-0 << "            "nome": "Bruce Wayne",[\n]"
11:57:44.674 [main] DEBUG org.apache.http.wire - http-outgoing-0 << "            "email": "test1765470907797@email.com",[\n]"
11:57:44.674 [main] DEBUG org.apache.http.wire - http-outgoing-0 << "            "password": "batmobil123",[\n]"
11:57:44.674 [main] DEBUG org.apache.http.wire - http-outgoing-0 << "            "administrador": "true",[\n]"
11:57:44.674 [main] DEBUG org.apache.http.wire - http-outgoing-0 << "            "_id": "JgCywzagnNUL0LiL"[\n]"
11:57:44.674 [main] DEBUG org.apache.http.wire - http-outgoing-0 << "        },[\n]"
11:57:44.674 [main] DEBUG org.apache.http.wire - http-outgoing-0 << "        {[\n]"
11:57:44.674 [main] DEBUG org.apache.http.wire - http-outgoing-0 << "            "nome": "Lucero_821606",[\n]"
11:57:44.674 [main] DEBUG org.apache.http.wire - http-outgoing-0 << "            "email": "qa_"
11:57:44.674 [main] DEBUG org.apache.http.wire - http-outgoing-0 << "b8242222@teste.com",[\n]"
11:57:44.674 [main] DEBUG org.apache.http.wire - http-outgoing-0 << "            "password": "1234",[\n]"
11:57:44.674 [main] DEBUG org.apache.http.wire - http-outgoing-0 << "            "administrador": "true",[\n]"
11:57:44.674 [main] DEBUG org.apache.http.wire - http-outgoing-0 << "            "_id": "K2ezj7aZNOJUEJ5O"[\n]"
11:57:44.674 [main] DEBUG org.apache.http.wire - http-outgoing-0 << "        },[\n]"
11:57:44.674 [main] DEBUG org.apache.http.wire - http-outgoing-0 << "        {[\n]"
11:57:44.674 [main] DEBUG org.apache.http.wire - http-outgoing-0 << "            "nome": "Bruce Wayne",[\n]"
11:57:44.674 [main] DEBUG org.apache.http.wire - http-outgoing-0 << "            "email": "fixed1765471877489@email.com",[\n]"
11:57:44.674 [main] DEBUG org.apache.http.wire - http-outgoing-0 << "            "password": "test",[\n]"
11:57:44.674 [main] DEBUG org.apache.http.wire - http-outgoing-0 << "            "administrador": "true",[\n]"
11:57:44.674 [main] DEBUG org.apache.http.wire - http-outgoing-0 << "            "_id": "KddM4LPYiqfuHQhD"[\n]"
11:57:44.674 [main] DEBUG org.apache.http.wire - http-outgoing-0 << "        },[\n]"
11:57:44.674 [main] DEBUG org.apache.http.wire - http-outgoing-0 << "        {[\n]"
11:57:44.674 [main] DEBUG org.apache.http.wire - http-outgoing-0 << "            "nome":"
11:57:44.674 [main] DEBUG org.apache.http.wire - http-outgoing-0 << " "api_1765468198302_ud8zpm",[\n]"
11:57:44.674 [main] DEBUG org.apache.http.wire - http-outgoing-0 << "            "email": "1765468198302_kml9@teste.com",[\n]"
11:57:44.674 [main] DEBUG org.apache.http.wire - http-outgoing-0 << "            "password": "n9zc9ze0",[\n]"
11:57:44.674 [main] DEBUG org.apache.http.wire - http-outgoing-0 << "            "administrador": "true",[\n]"
11:57:44.674 [main] DEBUG org.apache.http.wire - http-outgoing-0 << "            "_id": "KdyhBsYLi05TKeri"[\n]"
11:57:44.674 [main] DEBUG org.apache.http.wire - http-outgoing-0 << "        },[\n]"
11:57:44.674 [main] DEBUG org.apache.http.wire - http-outgoing-0 << "        {[\n]"
11:57:44.674 [main] DEBUG org.apache.http.wire - http-outgoing-0 << "            "nome": "Lucero_f00318",[\n]"
11:57:44.674 [main] DEBUG org.apache.http.wire - http-outgoing-0 << "            "email": "qa_f10e3ee2@teste.com",[\n]"
11:57:44.674 [main] DEBUG org.apache.http.wire - http-outgoing-0 << "            "password": "1234",[\n]"
11:57:44.674 [main] DEBUG org.apache.http.wire - http-outgoing-0 << "            "administrador": "true",[\n]"
11:57:44.674 [main] DEBUG org.apache.http.wire - http-outgoing-0 << "            "_id": "LA8RSXqeVWduCvge"[\n]"
11:57:44.674 [main] DEBUG org.apache.http.wire - http-outgoing-0 << "        },[\n]"
11:57:44.674 [main] DEBUG org.apache.http.wire - http-outgoing-0 << "        {[\n]"
11:57:44.674 [main] DEBUG org.apache.http.wire - http-outgoing-0 << "            "nome": "Alex_1c5639",[\n]"
11:57:44.674 [main] DEBUG org.apache.http.wire - http-outgoing-0 << "            "email": "qa_f12ee07d@teste.com",[\n]"
11:57:44.674 [main] DEBUG org.apache.http.wire - http-outgoing-0 << "            "password": "1234",[\n]"
11:57:44.674 [main] DEBUG org.apache.http.wire - http-outgoing-0 << "            "administrador": "true",[\n]"
11:57:44.674 [main] DEBUG org.apache.http.wire - http-outgoing-0 << "            "_id": "LK3PIWjIkEMfW7kd"[\n]"
11:57:44.674 [main] DEBUG org.apache.http.wire - http-outgoing-0 << "        },[\n]"
11:57:44.674 [main] DEBUG org.apache.http.wire - http-outgoing-0 << "        {[\n]"
11:57:44.674 [main] DEBUG org.apache.http.wire - http-outgoing-0 << "            "nome": "Bruce Wayne",[\n]"
11:57:44.674 [main] DEBUG org.apache.http.wire - http-outgoing-0 << "            "email": "test1765471624350@email.com",[\n]"
11:57:44.674 [main] DEBUG org.apache.http.wire - http-outgoing-0 << "            "password": "batmobil123",[\n]"
11:57:44.674 [main] DEBUG org.apache.http.wire - http-outgoing-0 << "            "administrador": "true",[\n]"
11:57:44.674 [main] DEBUG org.apache.http.wire - http-outgoing-0 << "            "_id": "MFCDA3qeH9XgQopU"[\n]"
11:57:44.674 [main] DEBUG org.apache.http.wire - http-outgoing-0 << "        },[\n]"
11:57:44.674 [main] DEBUG org.apache.http.wire - http-outgoing-0 << "        {[\n]"
11:57:44.674 [main] DEBUG org.apache.http.wire - http-outgoing-0 << "            "nome": "Leo_6e3056",[\n]"
11:57:44.674 [main] DEBUG org.apache.http.wire - http-outgoing-0 << "            "email": "qa_03e891d8@teste.com",[\n]"
11:57:44.674 [main] DEBUG org.apache.http.wire - http-outgoing-0 << "            "password": "1234",[\n]"
11:57:44.674 [main] DEBUG org.apache.http.wire - http-outgoing-0 << "            "administrador": "true",[\n]"
11:57:44.674 [main] DEBUG org.apache.http.wire - http-outgoing-0 << "            "_id": "
11:57:44.674 [main] DEBUG org.apache.http.wire - http-outgoing-0 << ""MQNqiKVVaA6w8kwM"[\n]"
11:57:44.674 [main] DEBUG org.apache.http.wire - http-outgoing-0 << "        },[\n]"
11:57:44.674 [main] DEBUG org.apache.http.wire - http-outgoing-0 << "        {[\n]"
11:57:44.674 [main] DEBUG org.apache.http.wire - http-outgoing-0 << "            "nome": "user_1765465745735_983uhc",[\n]"
11:57:44.674 [main] DEBUG org.apache.http.wire - http-outgoing-0 << "            "email": "1765465745735_rtbx@teste.com",[\n]"
11:57:44.675 [main] DEBUG org.apache.http.wire - http-outgoing-0 << "            "password": "zr9bbg5t",[\n]"
11:57:44.675 [main] DEBUG org.apache.http.wire - http-outgoing-0 << "            "administrador": "true",[\n]"
11:57:44.675 [main] DEBUG org.apache.http.wire - http-outgoing-0 << "            "_id": "OuovasCjIJpnTH5b"[\n]"
11:57:44.675 [main] DEBUG org.apache.http.wire - http-outgoing-0 << "        },[\n]"
11:57:44.675 [main] DEBUG org.apache.http.wire - http-outgoing-0 << "        {[\n]"
11:57:44.675 [main] DEBUG org.apache.http.wire - http-outgoing-0 << "            "nome": "Bruce Wayne",[\n]"
11:57:44.675 [main] DEBUG org.apache.http.wire - http-outgoing-0 << "            "email": "test1765469728015@email.com",[\n]"
11:57:44.675 [main] DEBUG org.apache.http.wire - http-outgoing-0 << "            "password":"
11:57:44.675 [main] DEBUG org.apache.http.wire - http-outgoing-0 << " "batmobil123",[\n]"
11:57:44.675 [main] DEBUG org.apache.http.wire - http-outgoing-0 << "            "administrador": "true",[\n]"
11:57:44.675 [main] DEBUG org.apache.http.wire - http-outgoing-0 << "            "_id": "PtBfcAMa0nt2BH5X"[\n]"
11:57:44.675 [main] DEBUG org.apache.http.wire - http-outgoing-0 << "        },[\n]"
11:57:44.675 [main] DEBUG org.apache.http.wire - http-outgoing-0 << "        {[\n]"
11:57:44.675 [main] DEBUG org.apache.http.wire - http-outgoing-0 << "            "nome": "user_1765470065052_z6y5s9",[\n]"
11:57:44.675 [main] DEBUG org.apache.http.wire - http-outgoing-0 << "            "email": "1765470065052_9pin@teste.com",[\n]"
11:57:44.675 [main] DEBUG org.apache.http.wire - http-outgoing-0 << "            "password": "9o1e4usr",[\n]"
11:57:44.675 [main] DEBUG org.apache.http.wire - http-outgoing-0 << "            "administrador": "true",[\n]"
11:57:44.675 [main] DEBUG org.apache.http.wire - http-outgoing-0 << "            "_id": "QlygFcQMvDGFX8O8"[\n]"
11:57:44.675 [main] DEBUG org.apache.http.wire - http-outgoing-0 << "        },[\n]"
11:57:44.675 [main] DEBUG org.apache.http.wire - http-outgoing-0 << "        {[\n]"
11:57:44.675 [main] DEBUG org.apache.http.wire - http-outgoing-0 << "            "nome": "Novo Usu[0xc3][0xa1]rio",[\n]"
11:57:44.675 [main] DEBUG org.apache.http.wire - http-outgoing-0 << "            "email": "joao1765465079965@teste.com",[\n]"
11:57:44.675 [main] DEBUG org.apache.http.wire - http-outgoing-0 << "            "password": "123456",[\n]"
11:57:44.675 [main] DEBUG org.apache.http.wire - http-outgoing-0 << "            "administrador": "true",[\n]"
11:57:44.675 [main] DEBUG org.apache.http.wire - http-outgoing-0 << "            "_id": "SbY1LUrul10Asegt"[\n]"
11:57:44.675 [main] DEBUG org.apache.http.wire - http-outgoing-0 << "        },[\n]"
11:57:44.675 [main] DEBUG org.apache.http.wire - http-outgoing-0 << "        {[\n]"
11:57:44.675 [main] DEBUG org.apache.http.wire - http-outgoing-0 << "            "nome": "user_1765466039615_a49tdy",[\n]"
11:57:44.675 [main] DEBUG org.apache.http.wire - http-outgoing-0 << "            "email": "1765466039615_34mo@teste.com",[\n]"
11:57:44.675 [main] DEBUG org.apache.http.wire - http-outgoing-0 << "            "password": "z93ft1pg",[\n]"
11:57:44.675 [main] DEBUG org.apache.http.wire - http-outgoing-0 << "            "administrador": "true",[\n]"
11:57:44.675 [main] DEBUG org.apache.http.wire - http-outgoing-0 << "            "_id": "SoFEk2F3hnhCIW1u"[\n]"
11:57:44.675 [main] DEBUG org.apache.http.wire - http-outgoing-0 << "        },[\n]"
11:57:44.675 [main] DEBUG org.apache.http.wire - http-outgoing-0 << "        {[\n]"
11:57:44.675 [main] DEBUG org.apache.http.wire - http-outgoing-0 << "            "nome": "user_1765465521055_om8xxr",[\n]"
11:57:44.675 [main] DEBUG org.apache.http.wire - http-outgoing-0 << "            "email": "1765465521055_utca@teste.com",[\n]"
11:57:44.675 [main] DEBUG org.apache.http.wire - http-outgoing-0 << "            "password": "senha_1765465521055_oi0hmu",[\n]"
11:57:44.675 [main] DEBUG org.apache.http.wire - http-outgoing-0 << "            "administrador": "false",[\n]"
11:57:44.675 [main] DEBUG org.apache.http.wire - http-outgoing-0 << "            "_id": "TgLd2lDah7e"
11:57:44.675 [main] DEBUG org.apache.http.wire - http-outgoing-0 << "yybyf"[\n]"
11:57:44.675 [main] DEBUG org.apache.http.wire - http-outgoing-0 << "        },[\n]"
11:57:44.675 [main] DEBUG org.apache.http.wire - http-outgoing-0 << "        {[\n]"
11:57:44.675 [main] DEBUG org.apache.http.wire - http-outgoing-0 << "            "nome": "Bruce Wayne",[\n]"
11:57:44.675 [main] DEBUG org.apache.http.wire - http-outgoing-0 << "            "email": "test1765471680156@email.com",[\n]"
11:57:44.675 [main] DEBUG org.apache.http.wire - http-outgoing-0 << "            "password": "batmobil123",[\n]"
11:57:44.675 [main] DEBUG org.apache.http.wire - http-outgoing-0 << "            "administrador": "true",[\n]"
11:57:44.675 [main] DEBUG org.apache.http.wire - http-outgoing-0 << "            "_id": "TtBukZz3vC50VZJz"[\n]"
11:57:44.675 [main] DEBUG org.apache.http.wire - http-outgoing-0 << "        },[\n]"
11:57:44.675 [main] DEBUG org.apache.http.wire - http-outgoing-0 << "        {[\n]"
11:57:44.675 [main] DEBUG org.apache.http.wire - http-outgoing-0 << "            "nome": "user_1765470785768_zx8us6",[\n]"
11:57:44.675 [main] DEBUG org.apache.http.wire - http-outgoing-0 << "            "email": "1765470785768_614d@teste.com",[\n]"
11:57:44.676 [main] DEBUG org.apache.http.wire - http-outgoing-0 << "            "password": "tyq2020"
11:57:44.676 [main] DEBUG org.apache.http.wire - http-outgoing-0 << "t",[\n]"
11:57:44.676 [main] DEBUG org.apache.http.wire - http-outgoing-0 << "            "administrador": "true",[\n]"
11:57:44.676 [main] DEBUG org.apache.http.wire - http-outgoing-0 << "            "_id": "UWuxO9kmHLvnaJMB"[\n]"
11:57:44.676 [main] DEBUG org.apache.http.wire - http-outgoing-0 << "        },[\n]"
11:57:44.676 [main] DEBUG org.apache.http.wire - http-outgoing-0 << "        {[\n]"
11:57:44.676 [main] DEBUG org.apache.http.wire - http-outgoing-0 << "            "nome": "Bruce Wayne",[\n]"
11:57:44.676 [main] DEBUG org.apache.http.wire - http-outgoing-0 << "            "email": "test1765471702287@email.com",[\n]"
11:57:44.676 [main] DEBUG org.apache.http.wire - http-outgoing-0 << "            "password": "batmobil123",[\n]"
11:57:44.676 [main] DEBUG org.apache.http.wire - http-outgoing-0 << "            "administrador": "true",[\n]"
11:57:44.676 [main] DEBUG org.apache.http.wire - http-outgoing-0 << "            "_id": "Uy7dlMyyXN3FqwuU"[\n]"
11:57:44.676 [main] DEBUG org.apache.http.wire - http-outgoing-0 << "        },[\n]"
11:57:44.676 [main] DEBUG org.apache.http.wire - http-outgoing-0 << "        {[\n]"
11:57:44.676 [main] DEBUG org.apache.http.wire - http-outgoing-0 << "            "nome": "Bruce Wayne",[\n]"
11:57:44.676 [main] DEBUG org.apache.http.wire - http-outgoing-0 << "            "email": "test1765471877304@email.com",[\n]"
11:57:44.676 [main] DEBUG org.apache.http.wire - http-outgoing-0 << "            "password": "batmobil123",[\n]"
11:57:44.676 [main] DEBUG org.apache.http.wire - http-outgoing-0 << "            "administrador": "true",[\n]"
11:57:44.676 [main] DEBUG org.apache.http.wire - http-outgoing-0 << "            "_id": "VBNglL1JctBqeRTs"[\n]"
11:57:44.676 [main] DEBUG org.apache.http.wire - http-outgoing-0 << "        },[\n]"
11:57:44.676 [main] DEBUG org.apache.http.wire - http-outgoing-0 << "        {[\n]"
11:57:44.676 [main] DEBUG org.apache.http.wire - http-outgoing-0 << "            "nome": "api_1765467797093_gt5eh4",[\n]"
11:57:44.676 [main] DEBUG org.apache.http.wire - http-outgoing-0 << "            "email": "1765467797093_lyz2@teste.com",[\n]"
11:57:44.676 [main] DEBUG org.apache.http.wire - http-outgoing-0 << "            "password": "123",[\n]"
11:57:44.676 [main] DEBUG org.apache.http.wire - http-outgoing-0 << "            "administrador": "true",[\n]"
11:57:44.676 [main] DEBUG org.apache.http.wire - http-outgoing-0 << "            "_id": "VOYNLPK4b9uG2PS7"[\n]"
11:57:44.676 [main] DEBUG org.apache.http.wire - http-outgoing-0 << "        },[\n]"
11:57:44.676 [main] DEBUG org.apache.http.wire - http-outgoing-0 << "        {[\n]"
11:57:44.676 [main] DEBUG org.apache.http.wire - http-outgoing-0 << "            "nome": "Bruce Wayne",[\n]"
11:57:44.676 [main] DEBUG org.apache.http.wire - http-outgoing-0 << "            "email": "test1765471740611@email.com",[\n]"
11:57:44.676 [main] DEBUG org.apache.http.wire - http-outgoing-0 << "            "password": "batmobil123",[\n]"
11:57:44.676 [main] DEBUG org.apache.http.wire - http-outgoing-0 << "            "administrador": "true",[\n]"
11:57:44.676 [main] DEBUG org.apache.http.wire - http-outgoing-0 << "            "_id": "VgV9A63gxCKOsPvQ"[\n]"
11:57:44.676 [main] DEBUG org.apache.http.wire - http-outgoing-0 << "        },[\n]"
11:57:44.676 [main] DEBUG org.apache.http.wire - http-outgoing-0 << "        {[\n]"
11:57:44.676 [main] DEBUG org.apache.http.wire - http-outgoing-0 << "            "nome": "Bruce Way"
11:57:44.676 [main] DEBUG org.apache.http.wire - http-outgoing-0 << "ne",[\n]"
11:57:44.676 [main] DEBUG org.apache.http.wire - http-outgoing-0 << "            "email": "test1765471639812@email.com",[\n]"
11:57:44.676 [main] DEBUG org.apache.http.wire - http-outgoing-0 << "            "password": "batmobil123",[\n]"
11:57:44.676 [main] DEBUG org.apache.http.wire - http-outgoing-0 << "            "administrador": "true",[\n]"
11:57:44.676 [main] DEBUG org.apache.http.wire - http-outgoing-0 << "            "_id": "VuCYLjYnO9o9uiw4"[\n]"
11:57:44.676 [main] DEBUG org.apache.http.wire - http-outgoing-0 << "        },[\n]"
11:57:44.676 [main] DEBUG org.apache.http.wire - http-outgoing-0 << "        {[\n]"
11:57:44.676 [main] DEBUG org.apache.http.wire - http-outgoing-0 << "            "nome": "Bruce Wayne",[\n]"
11:57:44.676 [main] DEBUG org.apache.http.wire - http-outgoing-0 << "            "email": "fixed1765471742429@email.com",[\n]"
11:57:44.676 [main] DEBUG org.apache.http.wire - http-outgoing-0 << "            "password": "test",[\n]"
11:57:44.676 [main] DEBUG org.apache.http.wire - http-outgoing-0 << "            "administrador": "true",[\n]"
11:57:44.676 [main] DEBUG org.apache.http.wire - http-outgoing-0 << "            "_id": "W1yQctSk3R6DS2J"
11:57:44.676 [main] DEBUG org.apache.http.wire - http-outgoing-0 << "l"[\n]"
11:57:44.676 [main] DEBUG org.apache.http.wire - http-outgoing-0 << "        },[\n]"
11:57:44.676 [main] DEBUG org.apache.http.wire - http-outgoing-0 << "        {[\n]"
11:57:44.676 [main] DEBUG org.apache.http.wire - http-outgoing-0 << "            "nome": "Bruce Wayne",[\n]"
11:57:44.676 [main] DEBUG org.apache.http.wire - http-outgoing-0 << "            "email": "test1765471561490@email.com",[\n]"
11:57:44.676 [main] DEBUG org.apache.http.wire - http-outgoing-0 << "            "password": "batmobil123",[\n]"
11:57:44.676 [main] DEBUG org.apache.http.wire - http-outgoing-0 << "            "administrador": "true",[\n]"
11:57:44.676 [main] DEBUG org.apache.http.wire - http-outgoing-0 << "            "_id": "WEs64pMCly4UNoC5"[\n]"
11:57:44.676 [main] DEBUG org.apache.http.wire - http-outgoing-0 << "        },[\n]"
11:57:44.676 [main] DEBUG org.apache.http.wire - http-outgoing-0 << "        {[\n]"
11:57:44.676 [main] DEBUG org.apache.http.wire - http-outgoing-0 << "            "nome": "user_1765467047789_igqohi",[\n]"
11:57:44.676 [main] DEBUG org.apache.http.wire - http-outgoing-0 << "            "email": "1765467047789_copq@teste.com",[\n]"
11:57:44.676 [main] DEBUG org.apache.http.wire - http-outgoing-0 << "            "password": "mcq8r1ev",[\n]"
11:57:44.676 [main] DEBUG org.apache.http.wire - http-outgoing-0 << "            "administrador": "true",[\n]"
11:57:44.676 [main] DEBUG org.apache.http.wire - http-outgoing-0 << "            "_id": "WalejV0i1GIPn6HG"[\n]"
11:57:44.676 [main] DEBUG org.apache.http.wire - http-outgoing-0 << "        },[\n]"
11:57:44.676 [main] DEBUG org.apache.http.wire - http-outgoing-0 << "        {[\n]"
11:57:44.676 [main] DEBUG org.apache.http.wire - http-outgoing-0 << "            "nome": "Atualizado_#(id)",[\n]"
11:57:44.676 [main] DEBUG org.apache.http.wire - http-outgoing-0 << "            "email": "qa_36834ab3@teste.com",[\n]"
11:57:44.676 [main] DEBUG org.apache.http.wire - http-outgoing-0 << "            "password": "1234",[\n]"
11:57:44.676 [main] DEBUG org.apache.http.wire - http-outgoing-0 << "            "administrador": "false",[\n]"
11:57:44.676 [main] DEBUG org.apache.http.wire - http-outgoing-0 << "            "_id": "WyXk2xtN3paPpgM7"[\n]"
11:57:44.676 [main] DEBUG org.apache.http.wire - http-outgoing-0 << "        },[\n]"
11:57:44.676 [main] DEBUG org.apache.http.wire - http-outgoing-0 << "        {[\n]"
11:57:44.676 [main] DEBUG org.apache.http.wire - http-outgoing-0 << "            "nome": "Bruce Wayne",[\n]"
11:57:44.676 [main] DEBUG org.apache.http.wire - http-outgoing-0 << "            "email": "test1765470972830@email.com",[\n]"
11:57:44.676 [main] DEBUG org.apache.http.wire - http-outgoing-0 << "            "password": "batmobil123",[\n]"
11:57:44.676 [main] DEBUG org.apache.http.wire - http-outgoing-0 << "            "administrador": "true",[\n]"
11:57:44.676 [main] DEBUG org.apache.http.wire - http-outgoing-0 << "            "_id": "XbjNWJTINSgGiTEk"[\n]"
11:57:44.676 [main] DEBUG org.apache.http.wire - http-outgoing-0 << "        },[\n]"
11:57:44.676 [main] DEBUG org.apache.http.wire - http-outgoing-0 << "        {[\n]"
11:57:44.676 [main] DEBUG org.apache.http.wire - http-outgoing-0 << "            "nome": "Lucero_b2e6d3",[\n]"
11:57:44.676 [main] DEBUG org.apache.http.wire - http-outgoing-0 << "            "email": "qa_84e66fb9@teste.com",[\n]"
11:57:44.676 [main] DEBUG org.apache.http.wire - http-outgoing-0 << "            "password": "
11:57:44.676 [main] DEBUG org.apache.http.wire - http-outgoing-0 << ""1234",[\n]"
11:57:44.676 [main] DEBUG org.apache.http.wire - http-outgoing-0 << "            "administrador": "true",[\n]"
11:57:44.676 [main] DEBUG org.apache.http.wire - http-outgoing-0 << "            "_id": "YuuuNyKojauJOdEx"[\n]"
11:57:44.676 [main] DEBUG org.apache.http.wire - http-outgoing-0 << "        },[\n]"
11:57:44.676 [main] DEBUG org.apache.http.wire - http-outgoing-0 << "        {[\n]"
11:57:44.676 [main] DEBUG org.apache.http.wire - http-outgoing-0 << "            "nome": "Bru"
11:57:44.679 [main] DEBUG org.apache.http.wire - http-outgoing-0 << "ce Wayne",[\n]"
11:57:44.679 [main] DEBUG org.apache.http.wire - http-outgoing-0 << "            "email": "fixed1765471883863@email.com",[\n]"
11:57:44.679 [main] DEBUG org.apache.http.wire - http-outgoing-0 << "            "password": "test",[\n]"
11:57:44.679 [main] DEBUG org.apache.http.wire - http-outgoing-0 << "            "administrador": "true",[\n]"
11:57:44.679 [main] DEBUG org.apache.http.wire - http-outgoing-0 << "            "_id": "ZePJerQtOoyS1D7G"[\n]"
11:57:44.679 [main] DEBUG org.apache.http.wire - http-outgoing-0 << "        },[\n]"
11:57:44.679 [main] DEBUG org.apache.http.wire - http-outgoing-0 << "        {[\n]"
11:57:44.679 [main] DEBUG org.apache.http.wire - http-outgoing-0 << "            "nome": "Bruce Wayne",[\n]"
11:57:44.679 [main] DEBUG org.apache.http.wire - http-outgoing-0 << "            "email": "test1765469626918@email.com",[\n]"
11:57:44.679 [main] DEBUG org.apache.http.wire - http-outgoing-0 << "            "password": "batmobil123",[\n]"
11:57:44.679 [main] DEBUG org.apache.http.wire - http-outgoing-0 << "            "administrador": "true",[\n]"
11:57:44.679 [main] DEBUG org.apache.http.wire - http-outgoing-0 << "            "_id": "bWe39tVhuu2eh7O9"[\n]"
11:57:44.679 [main] DEBUG org.apache.http.wire - http-outgoing-0 << "        },[\n]"
11:57:44.679 [main] DEBUG org.apache.http.wire - http-outgoing-0 << "        {[\n]"
11:57:44.679 [main] DEBUG org.apache.http.wire - http-outgoing-0 << "            "nome": "Bruce Wayne",[\n]"
11:57:44.679 [main] DEBUG org.apache.http.wire - http-outgoing-0 << "            "email": "test1765470490382@email.com",[\n]"
11:57:44.679 [main] DEBUG org.apache.http.wire - http-outgoing-0 << "            "password": "batmobil123",[\n]"
11:57:44.679 [main] DEBUG org.apache.http.wire - http-outgoing-0 << "            "administrador": "true",[\n]"
11:57:44.679 [main] DEBUG org.apache.http.wire - http-outgoing-0 << "            "_id": "c8IS2f2ec1EBLCmc"[\n]"
11:57:44.679 [main] DEBUG org.apache.http.wire - http-outgoing-0 << "        },[\n]"
11:57:44.679 [main] DEBUG org.apache.http.wire - http-outgoing-0 << "        {[\n]"
11:57:44.679 [main] DEBUG org.apache.http.wire - http-outgoing-0 << "            "nome": "user_1765471725776_l6jmmi",[\n]"
11:57:44.679 [main] DEBUG org.apache.http.wire - http-outgoing-0 << "            "email": "1765471725776_x6xp@teste.com",[\n]"
11:57:44.679 [main] DEBUG org.apache.http.wire - http-outgoing-0 << "            "password": "bfz2mmr7",[\n]"
11:57:44.679 [main] DEBUG org.apache.http.wire - http-outgoing-0 << "            "administrador": "true",[\n]"
11:57:44.679 [main] DEBUG org.apache.http.wire - http-outgoing-0 << "            "_id": "cVgkmwKsBzhP7juP"[\n]"
11:57:44.679 [main] DEBUG org.apache.http.wire - http-outgoing-0 << "        },[\n]"
11:57:44.679 [main] DEBUG org.apache.http.wire - http-outgoing-0 << "        {[\n]"
11:57:44.679 [main] DEBUG org.apache.http.wire - http-outgoing-0 << "            "nome": "Lucero_d348dd",[\n]"
11:57:44.679 [main] DEBUG org.apache.http.wire - http-outgoing-0 << "            "email": "qa_7c675bef@teste.com",[\n]"
11:57:44.679 [main] DEBUG org.apache.http.wire - http-outgoing-0 << "            "password": "1234",[\n]"
11:57:44.679 [main] DEBUG org.apache.http.wire - http-outgoing-0 << "            "administrador": "true",[\n]"
11:57:44.679 [main] DEBUG org.apache.http.wire - http-outgoing-0 << "  "
11:57:44.679 [main] DEBUG org.apache.http.wire - http-outgoing-0 << "          "_id": "ch7mDAgwmf6znH03"[\n]"
11:57:44.679 [main] DEBUG org.apache.http.wire - http-outgoing-0 << "        },[\n]"
11:57:44.679 [main] DEBUG org.apache.http.wire - http-outgoing-0 << "        {[\n]"
11:57:44.679 [main] DEBUG org.apache.http.wire - http-outgoing-0 << "            "nome": "Bruce Wayne",[\n]"
11:57:44.679 [main] DEBUG org.apache.http.wire - http-outgoing-0 << "            "email": "test1765471556148@email.com",[\n]"
11:57:44.679 [main] DEBUG org.apache.http.wire - http-outgoing-0 << "            "password": "batmobil123",[\n]"
11:57:44.679 [main] DEBUG org.apache.http.wire - http-outgoing-0 << "            "administrador": "true",[\n]"
11:57:44.679 [main] DEBUG org.apache.http.wire - http-outgoing-0 << "            "_id": "dWzPsu6PEGx8n3L1"[\n]"
11:57:44.679 [main] DEBUG org.apache.http.wire - http-outgoing-0 << "        },[\n]"
11:57:44.679 [main] DEBUG org.apache.http.wire - http-outgoing-0 << "        {[\n]"
11:57:44.679 [main] DEBUG org.apache.http.wire - http-outgoing-0 << "            "nome": "Atualizado_#(id)",[\n]"
11:57:44.679 [main] DEBUG org.apache.http.wire - http-outgoing-0 << "            "email": "qa_update@teste.com",[\n]"
11:57:44.679 [main] DEBUG org.apache.http.wire - http-outgoing-0 << "            "password"
11:57:44.679 [main] DEBUG org.apache.http.wire - http-outgoing-0 << "": "1234",[\n]"
11:57:44.679 [main] DEBUG org.apache.http.wire - http-outgoing-0 << "            "administrador": "false",[\n]"
11:57:44.679 [main] DEBUG org.apache.http.wire - http-outgoing-0 << "            "_id": "dkd9QwMC4BEcMBFz"[\n]"
11:57:44.679 [main] DEBUG org.apache.http.wire - http-outgoing-0 << "        },[\n]"
11:57:44.679 [main] DEBUG org.apache.http.wire - http-outgoing-0 << "        {[\n]"
11:57:44.679 [main] DEBUG org.apache.http.wire - http-outgoing-0 << "            "nome": "Bruce Wayne",[\n]"
11:57:44.679 [main] DEBUG org.apache.http.wire - http-outgoing-0 << "            "email": "test1765469633865@email.com",[\n]"
11:57:44.679 [main] DEBUG org.apache.http.wire - http-outgoing-0 << "            "password": "batmobil123",[\n]"
11:57:44.679 [main] DEBUG org.apache.http.wire - http-outgoing-0 << "            "administrador": "true",[\n]"
11:57:44.679 [main] DEBUG org.apache.http.wire - http-outgoing-0 << "            "_id": "eek4vAumBISx7I3z"[\n]"
11:57:44.679 [main] DEBUG org.apache.http.wire - http-outgoing-0 << "        },[\n]"
11:57:44.679 [main] DEBUG org.apache.http.wire - http-outgoing-0 << "        {[\n]"
11:57:44.679 [main] DEBUG org.apache.http.wire - http-outgoing-0 << "            "nome": "Bruce Wayne",[\n]"
11:57:44.679 [main] DEBUG org.apache.http.wire - http-outgoing-0 << "            "email": "fixed1765471654734@email.com",[\n]"
11:57:44.679 [main] DEBUG org.apache.http.wire - http-outgoing-0 << "            "password": "test",[\n]"
11:57:44.679 [main] DEBUG org.apache.http.wire - http-outgoing-0 << "            "administrador": "true",[\n]"
11:57:44.679 [main] DEBUG org.apache.http.wire - http-outgoing-0 << "            "_id": "esbN2c3W2pdER83W"[\n]"
11:57:44.679 [main] DEBUG org.apache.http.wire - http-outgoing-0 << "        },[\n]"
11:57:44.679 [main] DEBUG org.apache.http.wire - http-outgoing-0 << "        {[\n]"
11:57:44.679 [main] DEBUG org.apache.http.wire - http-outgoing-0 << "            "nome": "Bruce Wayne",[\n]"
11:57:44.679 [main] DEBUG org.apache.http.wire - http-outgoing-0 << "            "email": "test1765471883667@email.com",[\n]"
11:57:44.679 [main] DEBUG org.apache.http.wire - http-outgoing-0 << "            "password": "batmobil123",[\n]"
11:57:44.679 [main] DEBUG org.apache.http.wire - http-outgoing-0 << "            "administrador": "true",[\n]"
11:57:44.679 [main] DEBUG org.apache.http.wire - http-outgoing-0 << "            "_id": "f9gsKm4vroGTbTuu"[\n]"
11:57:44.679 [main] DEBUG org.apache.http.wire - http-outgoing-0 << "        },[\n]"
11:57:44.679 [main] DEBUG org.apache.http.wire - http-outgoing-0 << "        {[\n]"
11:57:44.679 [main] DEBUG org.apache.http.wire - http-outgoing-0 << "            "nome": "Bruce Wayne",[\n]"
11:57:44.679 [main] DEBUG org.apache.http.wire - http-outgoing-0 << "            "email": "test1765470903754@email.com",[\n]"
11:57:44.679 [main] DEBUG org.apache.http.wire - http-outgoing-0 << "            "password": "batmobil123",[\n]"
11:57:44.679 [main] DEBUG org.apache.http.wire - http-outgoing-0 << "            "administrador": "true",[\n]"
11:57:44.679 [main] DEBUG org.apache.http.wire - http-outgoing-0 << "            "_id": "fNIHOavHYzoHziwX"[\n]"
11:57:44.679 [main] DEBUG org.apache.http.wire - http-outgoing-0 << "        },[\n]"
11:57:44.679 [main] DEBUG org.apache.http.wire - http-outgoing-0 << "        {[\n]"
11:57:44.679 [main] DEBUG org.apache.http.wire - http-outgoing-0 << "            "nome": "Bruce Wayne","
11:57:44.679 [main] DEBUG org.apache.http.wire - http-outgoing-0 << "[\n]"
11:57:44.679 [main] DEBUG org.apache.http.wire - http-outgoing-0 << "            "email": "test1765470511087@email.com",[\n]"
11:57:44.679 [main] DEBUG org.apache.http.wire - http-outgoing-0 << "            "password": "batmobil123",[\n]"
11:57:44.679 [main] DEBUG org.apache.http.wire - http-outgoing-0 << "            "administrador": "true",[\n]"
11:57:44.679 [main] DEBUG org.apache.http.wire - http-outgoing-0 << "            "_id": "gE8Ewrb1QZqWgA0K"[\n]"
11:57:44.679 [main] DEBUG org.apache.http.wire - http-outgoing-0 << "        },[\n]"
11:57:44.679 [main] DEBUG org.apache.http.wire - http-outgoing-0 << "        {[\n]"
11:57:44.679 [main] DEBUG org.apache.http.wire - http-outgoing-0 << "            "nome": "api_1765471507006_leucm9",[\n]"
11:57:44.679 [main] DEBUG org.apache.http.wire - http-outgoing-0 << "            "email": "1765471507006_43tb@teste.com",[\n]"
11:57:44.679 [main] DEBUG org.apache.http.wire - http-outgoing-0 << "            "password": "vvh1dij4",[\n]"
11:57:44.679 [main] DEBUG org.apache.http.wire - http-outgoing-0 << "            "administrador": "true",[\n]"
11:57:44.679 [main] DEBUG org.apache.http.wire - http-outgoing-0 << "            "_id": "gl"
11:57:44.680 [main] DEBUG org.apache.http.wire - http-outgoing-0 << "OwwZcOxR0hOdqK"[\n]"
11:57:44.680 [main] DEBUG org.apache.http.wire - http-outgoing-0 << "        },[\n]"
11:57:44.680 [main] DEBUG org.apache.http.wire - http-outgoing-0 << "        {[\n]"
11:57:44.680 [main] DEBUG org.apache.http.wire - http-outgoing-0 << "            "nome": "Bruce Wayne",[\n]"
11:57:44.680 [main] DEBUG org.apache.http.wire - http-outgoing-0 << "            "email": "test1765471654548@email.com",[\n]"
11:57:44.680 [main] DEBUG org.apache.http.wire - http-outgoing-0 << "            "password": "batmobil123",[\n]"
11:57:44.680 [main] DEBUG org.apache.http.wire - http-outgoing-0 << "            "administrador": "true",[\n]"
11:57:44.680 [main] DEBUG org.apache.http.wire - http-outgoing-0 << "            "_id": "i5Mjo7Q6JZ8VO9SN"[\n]"
11:57:44.680 [main] DEBUG org.apache.http.wire - http-outgoing-0 << "        },[\n]"
11:57:44.680 [main] DEBUG org.apache.http.wire - http-outgoing-0 << "        {[\n]"
11:57:44.680 [main] DEBUG org.apache.http.wire - http-outgoing-0 << "            "nome": "Atualizado_#(id)",[\n]"
11:57:44.680 [main] DEBUG org.apache.http.wire - http-outgoing-0 << "            "email": "qa_61c3bcf5@teste.com",[\n]"
11:57:44.680 [main] DEBUG org.apache.http.wire - http-outgoing-0 << "            "password": "1234",[\n]"
11:57:44.680 [main] DEBUG org.apache.http.wire - http-outgoing-0 << "            "administrador": "false",[\n]"
11:57:44.680 [main] DEBUG org.apache.http.wire - http-outgoing-0 << "            "_id": "iylm71DSHdkXAvEi"[\n]"
11:57:44.680 [main] DEBUG org.apache.http.wire - http-outgoing-0 << "        },[\n]"
11:57:44.680 [main] DEBUG org.apache.http.wire - http-outgoing-0 << "        {[\n]"
11:57:44.680 [main] DEBUG org.apache.http.wire - http-outgoing-0 << "            "nome": "user_1765465657114_03kqzm",[\n]"
11:57:44.680 [main] DEBUG org.apache.http.wire - http-outgoing-0 << "            "email": "1765465657114_zqd5@teste.com",[\n]"
11:57:44.680 [main] DEBUG org.apache.http.wire - http-outgoing-0 << "            "password": "senha_1765465657114_8k9ok2",[\n]"
11:57:44.680 [main] DEBUG org.apache.http.wire - http-outgoing-0 << "            "administrador": "false",[\n]"
11:57:44.680 [main] DEBUG org.apache.http.wire - http-outgoing-0 << "            "_id": "jSz0d11kjkR5vCLC"[\n]"
11:57:44.680 [main] DEBUG org.apache.http.wire - http-outgoing-0 << "        },[\n]"
11:57:44.680 [main] DEBUG org.apache.http.wire - http-outgoing-0 << "        {[\n]"
11:57:44.680 [main] DEBUG org.apache.http.wire - http-outgoing-0 << "            "nome": "Bruce Wayne",[\n]"
11:57:44.680 [main] DEBUG org.apache.http.wire - http-outgoing-0 << "            "email": "test1765471489042@email.com",[\n]"
11:57:44.680 [main] DEBUG org.apache.http.wire - http-outgoing-0 << "            "password": "batmobil123",[\n]"
11:57:44.680 [main] DEBUG org.apache.http.wire - http-outgoing-0 << "            "administrador": "true",[\n]"
11:57:44.680 [main] DEBUG org.apache.http.wire - http-outgoing-0 << "            "_id": "kRQuFLE2GgHJV5pt"[\n]"
11:57:44.680 [main] DEBUG org.apache.http.wire - http-outgoing-0 << "        },[\n]"
11:57:44.680 [main] DEBUG org.apache.http.wire - http-outgoing-0 << "        {[\n]"
11:57:44.680 [main] DEBUG org.apache.http.wire - http-outgoing-0 << "            "nome": "Alex_24fed7",[\n]"
11:57:44.680 [main] DEBUG org.apache.http.wire - http-outgoing-0 << "            "email": "qa_fcc63d45@teste."
11:57:44.680 [main] DEBUG org.apache.http.wire - http-outgoing-0 << "com",[\n]"
11:57:44.680 [main] DEBUG org.apache.http.wire - http-outgoing-0 << "            "password": "1234",[\n]"
11:57:44.680 [main] DEBUG org.apache.http.wire - http-outgoing-0 << "            "administrador": "true",[\n]"
11:57:44.680 [main] DEBUG org.apache.http.wire - http-outgoing-0 << "            "_id": "kajQCBjDaTw3cMlV"[\n]"
11:57:44.680 [main] DEBUG org.apache.http.wire - http-outgoing-0 << "        },[\n]"
11:57:44.680 [main] DEBUG org.apache.http.wire - http-outgoing-0 << "        {[\n]"
11:57:44.680 [main] DEBUG org.apache.http.wire - http-outgoing-0 << "            "nome": "Bruce Wayne",[\n]"
11:57:44.680 [main] DEBUG org.apache.http.wire - http-outgoing-0 << "            "email": "test1765471568490@email.com",[\n]"
11:57:44.680 [main] DEBUG org.apache.http.wire - http-outgoing-0 << "            "password": "batmobil12"
11:57:44.680 [main] DEBUG org.apache.http.wire - http-outgoing-0 << "3",[\n]"
11:57:44.680 [main] DEBUG org.apache.http.wire - http-outgoing-0 << "            "administrador": "true",[\n]"
11:57:44.680 [main] DEBUG org.apache.http.wire - http-outgoing-0 << "            "_id": "lMGiEjMhdhDe1kn6"[\n]"
11:57:44.680 [main] DEBUG org.apache.http.wire - http-outgoing-0 << "        },[\n]"
11:57:44.680 [main] DEBUG org.apache.http.wire - http-outgoing-0 << "        {[\n]"
[...]
[THYMELEAF]             * [* {th:valuetype,data-th-valuetype}] [1000]: org.thymeleaf.standard.processor.StandardRemovableAttributeTagProcessor
[THYMELEAF]             * [* {th:http-equiv,data-th-http-equiv}] [1000]: org.thymeleaf.standard.processor.StandardRemovableAttributeTagProcessor
[THYMELEAF]             * [* {th:max,data-th-max}] [1000]: org.thymeleaf.standard.processor.StandardRemovableAttributeTagProcessor
[THYMELEAF]             * [* {th:label,data-th-label}] [1000]: org.thymeleaf.standard.processor.StandardRemovableAttributeTagProcessor
[THYMELEAF]             * [* {th:rules,data-th-rules}] [1000]: org.thymeleaf.standard.processor.StandardRemovableAttributeTagProcessor
[THYMELEAF]             * [* {th:contenteditable,data-th-contenteditable}] [1000]: org.thymeleaf.standard.processor.StandardRemovableAttributeTagProcessor
[THYMELEAF]             * [* {th:keytype,data-th-keytype}] [1000]: org.thymeleaf.standard.processor.StandardRemovableAttributeTagProcessor
[THYMELEAF]             * [* {th:formtarget,data-th-formtarget}] [1000]: org.thymeleaf.standard.processor.StandardRemovableAttributeTagProcessor
[THYMELEAF]             * [* {th:step,data-th-step}] [1000]: org.thymeleaf.standard.processor.StandardRemovableAttributeTagProcessor
[THYMELEAF]             * [* {th:start,data-th-start}] [1000]: org.thymeleaf.standard.processor.StandardRemovableAttributeTagProcessor
[THYMELEAF]             * [* {th:frame,data-th-frame}] [1000]: org.thymeleaf.standard.processor.StandardRemovableAttributeTagProcessor
[THYMELEAF]             * [* {th:radiogroup,data-th-radiogroup}] [1000]: org.thymeleaf.standard.processor.StandardRemovableAttributeTagProcessor
[THYMELEAF]             * [* {th:frameborder,data-th-frameborder}] [1000]: org.thymeleaf.standard.processor.StandardRemovableAttributeTagProcessor
[THYMELEAF]             * [* {th:usemap,data-th-usemap}] [1000]: org.thymeleaf.standard.processor.StandardRemovableAttributeTagProcessor
[THYMELEAF]             * [* {th:marginwidth,data-th-marginwidth}] [1000]: org.thymeleaf.standard.processor.StandardRemovableAttributeTagProcessor
[THYMELEAF]             * [* {th:standby,data-th-standby}] [1000]: org.thymeleaf.standard.processor.StandardRemovableAttributeTagProcessor
[THYMELEAF]             * [* {th:scheme,data-th-scheme}] [1000]: org.thymeleaf.standard.processor.StandardRemovableAttributeTagProcessor
[THYMELEAF]             * [* {th:title,data-th-title}] [1000]: org.thymeleaf.standard.processor.StandardRemovableAttributeTagProcessor
[THYMELEAF]             * [* {th:background,data-th-background}] [1000]: org.thymeleaf.standard.processor.StandardRemovableAttributeTagProcessor
[THYMELEAF]             * [* {th:id,data-th-id}] [1000]: org.thymeleaf.standard.processor.StandardRemovableAttributeTagProcessor
[THYMELEAF]             * [* {th:style,data-th-style}] [1000]: org.thymeleaf.standard.processor.StandardRemovableAttributeTagProcessor
[THYMELEAF]             * [* {th:data,data-th-data}] [1000]: org.thymeleaf.standard.processor.StandardRemovableAttributeTagProcessor
[THYMELEAF]             * [* {th:spellcheck,data-th-spellcheck}] [1000]: org.thymeleaf.standard.processor.StandardRemovableAttributeTagProcessor
[THYMELEAF]             * [* {th:high,data-th-high}] [1000]: org.thymeleaf.standard.processor.StandardRemovableAttributeTagProcessor
[THYMELEAF]             * [* {th:dir,data-th-dir}] [1000]: org.thymeleaf.standard.processor.StandardRemovableAttributeTagProcessor
[THYMELEAF]             * [* {th:optimum,data-th-optimum}] [1000]: org.thymeleaf.standard.processor.StandardRemovableAttributeTagProcessor
[THYMELEAF]             * [* {th:headers,data-th-headers}] [1000]: org.thymeleaf.standard.processor.StandardRemovableAttributeTagProcessor
[THYMELEAF]             * [* {th:target,data-th-target}] [1000]: org.thymeleaf.standard.processor.StandardRemovableAttributeTagProcessor
[THYMELEAF]             * [* {th:autocomplete,data-th-autocomplete}] [1000]: org.thymeleaf.standard.processor.StandardRemovableAttributeTagProcessor
[THYMELEAF]             * [* {th:border,data-th-border}] [1000]: org.thymeleaf.standard.processor.StandardRemovableAttributeTagProcessor
[THYMELEAF]             * [* {th:cols,data-th-cols}] [1000]: org.thymeleaf.standard.processor.StandardRemovableAttributeTagProcessor
[THYMELEAF]             * [* {th:preload,data-th-preload}] [1000]: org.thymeleaf.standard.processor.StandardRemovableAttributeTagProcessor
[THYMELEAF]             * [* {th:alt,data-th-alt}] [1000]: org.thymeleaf.standard.processor.StandardRemovableAttributeTagProcessor
[THYMELEAF]             * [* {th:draggable,data-th-draggable}] [1000]: org.thymeleaf.standard.processor.StandardRemovableAttributeTagProcessor
[THYMELEAF]             * [* {th:vspace,data-th-vspace}] [1000]: org.thymeleaf.standard.processor.StandardRemovableAttributeTagProcessor
[THYMELEAF]             * [* {th:codebase,data-th-codebase}] [1000]: org.thymeleaf.standard.processor.StandardRemovableAttributeTagProcessor
[THYMELEAF]             * [* {th:lang,data-th-lang}] [1000]: org.thymeleaf.standard.processor.StandardRemovableAttributeTagProcessor
[THYMELEAF]             * [* {th:src,data-th-src}] [1000]: org.thymeleaf.standard.processor.StandardSrcTagProcessor
[THYMELEAF]             * [* {th:value,data-th-value}] [1000]: org.thymeleaf.standard.processor.StandardValueTagProcessor
[THYMELEAF]             * [* {th:xmlbase,data-th-xmlbase}] [1000]: org.thymeleaf.standard.processor.StandardXmlBaseTagProcessor
[THYMELEAF]             * [* {th:xmllang,data-th-xmllang}] [1000]: org.thymeleaf.standard.processor.StandardXmlLangTagProcessor
[THYMELEAF]             * [* {xmlns:th}] [1000]: org.thymeleaf.standard.processor.StandardXmlNsTagProcessor
[THYMELEAF]             * [* {th:xmlspace,data-th-xmlspace}] [1000]: org.thymeleaf.standard.processor.StandardXmlSpaceTagProcessor
[THYMELEAF]             * [* {th:classappend,data-th-classappend}] [1100]: org.thymeleaf.standard.processor.StandardClassappendTagProcessor
[THYMELEAF]             * [* {th:styleappend,data-th-styleappend}] [1100]: org.thymeleaf.standard.processor.StandardStyleappendTagProcessor
[THYMELEAF]             * [* {th:text,data-th-text}] [1300]: org.thymeleaf.standard.processor.StandardTextTagProcessor
[THYMELEAF]             * [* {th:utext,data-th-utext}] [1400]: org.thymeleaf.standard.processor.StandardUtextTagProcessor
[THYMELEAF]             * [* {th:fragment,data-th-fragment}] [1500]: org.thymeleaf.standard.processor.StandardFragmentTagProcessor
[THYMELEAF]             * [* {th:assert,data-th-assert}] [1550]: org.thymeleaf.standard.processor.StandardAssertTagProcessor
[THYMELEAF]             * [* {th:remove,data-th-remove}] [1600]: org.thymeleaf.standard.processor.StandardRemoveTagProcessor
[THYMELEAF]             * [* {th:ref,data-th-ref}] [10000]: org.thymeleaf.standard.processor.StandardRefAttributeTagProcessor
[THYMELEAF]             * [{th:block,th-block} *] [100000]: org.thymeleaf.standard.processor.StandardBlockTagProcessor
[THYMELEAF]             * [* th:*] [2147483647]: org.thymeleaf.standard.processor.StandardDefaultAttributesTagProcessor
[THYMELEAF]         * Text Processors by [precedence]:
[THYMELEAF]             * [1000]: org.thymeleaf.standard.processor.StandardInliningTextProcessor
[THYMELEAF]         * DOCTYPE Processors by [precedence]:
[THYMELEAF]             * [1000]: org.thymeleaf.standard.processor.StandardTranslationDocTypeProcessor
[THYMELEAF]         * CDATA Section Processors by [precedence]:
[THYMELEAF]             * [1000]: org.thymeleaf.standard.processor.StandardInliningCDATASectionProcessor
[THYMELEAF]         * Comment Processors by [precedence]:
[THYMELEAF]             * [1000]: org.thymeleaf.standard.processor.StandardInliningCommentProcessor
[THYMELEAF]             * [1100]: org.thymeleaf.standard.processor.StandardConditionalCommentProcessor
[THYMELEAF]     * Processors for Template Mode: XML
[THYMELEAF]         * Element Tag Processors by [matching element and attribute name] [precedence]:
[THYMELEAF]             * [* {th:include}] [100]: org.thymeleaf.standard.processor.StandardIncludeTagProcessor
[THYMELEAF]             * [* {th:insert}] [100]: org.thymeleaf.standard.processor.StandardInsertTagProcessor
[THYMELEAF]             * [* {th:replace}] [100]: org.thymeleaf.standard.processor.StandardReplaceTagProcessor
[THYMELEAF]             * [* {th:substituteby}] [100]: org.thymeleaf.standard.processor.StandardSubstituteByTagProcessor
[THYMELEAF]             * [* {th:each}] [200]: com.intuit.karate.template.KarateEachTagProcessor
[THYMELEAF]             * [* {th:switch}] [250]: org.thymeleaf.standard.processor.StandardSwitchTagProcessor
[THYMELEAF]             * [* {th:case}] [275]: org.thymeleaf.standard.processor.StandardCaseTagProcessor
[THYMELEAF]             * [* {th:if}] [300]: org.thymeleaf.standard.processor.StandardIfTagProcessor
[THYMELEAF]             * [* {th:unless}] [400]: org.thymeleaf.standard.processor.StandardUnlessTagProcessor
[THYMELEAF]             * [* {th:object}] [500]: org.thymeleaf.standard.processor.StandardObjectTagProcessor
[THYMELEAF]             * [* {th:with}] [600]: com.intuit.karate.template.KarateWithTagProcessor
[THYMELEAF]             * [* {th:attr}] [700]: com.intuit.karate.template.KarateAttributeTagProcessor.KarateAttrTagProcessor
[THYMELEAF]             * [* {th:attrappend}] [900]: com.intuit.karate.template.KarateAttributeTagProcessor.KarateAttrappendTagProcessor
[THYMELEAF]             * [* {th:attrprepend}] [900]: com.intuit.karate.template.KarateAttributeTagProcessor.KarateAttrprependTagProcessor
[THYMELEAF]             * [* {th:inline}] [1000]: org.thymeleaf.standard.processor.StandardInlineXMLTagProcessor
[THYMELEAF]             * [* {xmlns:th}] [1000]: org.thymeleaf.standard.processor.StandardXmlNsTagProcessor
[THYMELEAF]             * [* {th:text}] [1300]: org.thymeleaf.standard.processor.StandardTextTagProcessor
[THYMELEAF]             * [* {th:utext}] [1400]: org.thymeleaf.standard.processor.StandardUtextTagProcessor
[THYMELEAF]             * [* {th:fragment}] [1500]: org.thymeleaf.standard.processor.StandardFragmentTagProcessor
[THYMELEAF]             * [* {th:assert}] [1550]: org.thymeleaf.standard.processor.StandardAssertTagProcessor
[THYMELEAF]             * [* {th:remove}] [1600]: org.thymeleaf.standard.processor.StandardRemoveTagProcessor
[THYMELEAF]             * [* {th:ref}] [10000]: org.thymeleaf.standard.processor.StandardRefAttributeTagProcessor
[THYMELEAF]             * [{th:block} *] [100000]: org.thymeleaf.standard.processor.StandardBlockTagProcessor
[THYMELEAF]             * [* th:*] [2147483647]: org.thymeleaf.standard.processor.StandardDefaultAttributesTagProcessor
[THYMELEAF]         * Text Processors by [precedence]:
[THYMELEAF]             * [1000]: org.thymeleaf.standard.processor.StandardInliningTextProcessor
[THYMELEAF]         * CDATA Section Processors by [precedence]:
[THYMELEAF]             * [1000]: org.thymeleaf.standard.processor.StandardInliningCDATASectionProcessor
[THYMELEAF]         * Comment Processors by [precedence]:
[THYMELEAF]             * [1000]: org.thymeleaf.standard.processor.StandardInliningCommentProcessor
[THYMELEAF]     * Processors for Template Mode: TEXT
[THYMELEAF]         * Element Tag Processors by [matching element and attribute name] [precedence]:
[THYMELEAF]             * [* {th:insert}] [100]: org.thymeleaf.standard.processor.StandardInsertTagProcessor
[THYMELEAF]             * [* {th:replace}] [100]: org.thymeleaf.standard.processor.StandardReplaceTagProcessor
[THYMELEAF]             * [* {th:each}] [200]: com.intuit.karate.template.KarateEachTagProcessor
[THYMELEAF]             * [* {th:switch}] [250]: org.thymeleaf.standard.processor.StandardSwitchTagProcessor
[THYMELEAF]             * [* {th:case}] [275]: org.thymeleaf.standard.processor.StandardCaseTagProcessor
[THYMELEAF]             * [* {th:if}] [300]: org.thymeleaf.standard.processor.StandardIfTagProcessor
[THYMELEAF]             * [* {th:unless}] [400]: org.thymeleaf.standard.processor.StandardUnlessTagProcessor
[THYMELEAF]             * [* {th:object}] [500]: org.thymeleaf.standard.processor.StandardObjectTagProcessor
[THYMELEAF]             * [* {th:with}] [600]: com.intuit.karate.template.KarateWithTagProcessor
[THYMELEAF]             * [* {th:inline}] [1000]: org.thymeleaf.standard.processor.StandardInlineTextualTagProcessor
[THYMELEAF]             * [* {th:text}] [1300]: org.thymeleaf.standard.processor.StandardTextTagProcessor
[THYMELEAF]             * [* {th:utext}] [1400]: org.thymeleaf.standard.processor.StandardUtextTagProcessor
[THYMELEAF]             * [* {th:assert}] [1550]: org.thymeleaf.standard.processor.StandardAssertTagProcessor
[THYMELEAF]             * [* {th:remove}] [1600]: org.thymeleaf.standard.processor.StandardRemoveTagProcessor
[THYMELEAF]             * [{th:block} *] [100000]: org.thymeleaf.standard.processor.StandardBlockTagProcessor
[THYMELEAF]             * [* 100000] [org.thymeleaf.standard.processor.StandardBlockTagProcessor]: {}
[THYMELEAF]         * Text Processors by [precedence]:
[THYMELEAF]             * [1000]: org.thymeleaf.standard.processor.StandardInliningTextProcessor
[THYMELEAF]     * Processors for Template Mode: JAVASCRIPT
[THYMELEAF]         * Element Tag Processors by [matching element and attribute name] [precedence]:
[THYMELEAF]             * [* {th:insert}] [100]: org.thymeleaf.standard.processor.StandardInsertTagProcessor
[THYMELEAF]             * [* {th:replace}] [100]: org.thymeleaf.standard.processor.StandardReplaceTagProcessor
[THYMELEAF]             * [* {th:each}] [200]: com.intuit.karate.template.KarateEachTagProcessor
[THYMELEAF]             * [* {th:switch}] [250]: org.thymeleaf.standard.processor.StandardSwitchTagProcessor
[THYMELEAF]             * [* {th:case}] [275]: org.thymeleaf.standard.processor.StandardCaseTagProcessor
[THYMELEAF]             * [* {th:if}] [300]: org.thymeleaf.standard.processor.StandardIfTagProcessor
[THYMELEAF]             * [* {th:unless}] [400]: org.thymeleaf.standard.processor.StandardUnlessTagProcessor
[THYMELEAF]             * [* {th:object}] [500]: org.thymeleaf.standard.processor.StandardObjectTagProcessor
[THYMELEAF]             * [* {th:with}] [600]: com.intuit.karate.template.KarateWithTagProcessor
[THYMELEAF]             * [* {th:inline}] [1000]: org.thymeleaf.standard.processor.StandardInlineTextualTagProcessor
[THYMELEAF]             * [* {th:text}] [1300]: org.thymeleaf.standard.processor.StandardTextTagProcessor
[THYMELEAF]             * [* {th:utext}] [1400]: org.thymeleaf.standard.processor.StandardUtextTagProcessor
[THYMELEAF]             * [* {th:assert}] [1550]: org.thymeleaf.standard.processor.StandardAssertTagProcessor
[THYMELEAF]             * [* {th:remove}] [1600]: org.thymeleaf.standard.processor.StandardRemoveTagProcessor
[THYMELEAF]             * [* 100000] [org.thymeleaf.standard.processor.StandardBlockTagProcessor]: {}
[THYMELEAF]             * [{th:block} *] [100000]: org.thymeleaf.standard.processor.StandardBlockTagProcessor
[THYMELEAF]         * Text Processors by [precedence]:
[THYMELEAF]             * [1000]: org.thymeleaf.standard.processor.StandardInliningTextProcessor
[THYMELEAF]     * Processors for Template Mode: CSS
[THYMELEAF]         * Element Tag Processors by [matching element and attribute name] [precedence]:
[THYMELEAF]             * [* {th:insert}] [100]: org.thymeleaf.standard.processor.StandardInsertTagProcessor
[THYMELEAF]             * [* {th:replace}] [100]: org.thymeleaf.standard.processor.StandardReplaceTagProcessor
[THYMELEAF]             * [* {th:each}] [200]: com.intuit.karate.template.KarateEachTagProcessor
[THYMELEAF]             * [* {th:switch}] [250]: org.thymeleaf.standard.processor.StandardSwitchTagProcessor
[THYMELEAF]             * [* {th:case}] [275]: org.thymeleaf.standard.processor.StandardCaseTagProcessor
[THYMELEAF]             * [* {th:if}] [300]: org.thymeleaf.standard.processor.StandardIfTagProcessor
[THYMELEAF]             * [* {th:unless}] [400]: org.thymeleaf.standard.processor.StandardUnlessTagProcessor
[THYMELEAF]             * [* {th:object}] [500]: org.thymeleaf.standard.processor.StandardObjectTagProcessor
[THYMELEAF]             * [* {th:with}] [600]: com.intuit.karate.template.KarateWithTagProcessor
[THYMELEAF]             * [* {th:inline}] [1000]: org.thymeleaf.standard.processor.StandardInlineTextualTagProcessor
[THYMELEAF]             * [* {th:text}] [1300]: org.thymeleaf.standard.processor.StandardTextTagProcessor
[THYMELEAF]             * [* {th:utext}] [1400]: org.thymeleaf.standard.processor.StandardUtextTagProcessor
[THYMELEAF]             * [* {th:assert}] [1550]: org.thymeleaf.standard.processor.StandardAssertTagProcessor
[THYMELEAF]             * [* {th:remove}] [1600]: org.thymeleaf.standard.processor.StandardRemoveTagProcessor
[THYMELEAF]             * [* 100000] [org.thymeleaf.standard.processor.StandardBlockTagProcessor]: {}
[THYMELEAF]             * [{th:block} *] [100000]: org.thymeleaf.standard.processor.StandardBlockTagProcessor
[THYMELEAF]         * Text Processors by [precedence]:
[THYMELEAF]             * [1000]: org.thymeleaf.standard.processor.StandardInliningTextProcessor
[THYMELEAF]     * Expression Objects:
[THYMELEAF]         * #ctx
[THYMELEAF]         * #root
[THYMELEAF]         * #vars
[THYMELEAF]         * #object
[THYMELEAF]         * #locale
[THYMELEAF]         * #request
[THYMELEAF]         * #response
[THYMELEAF]         * #session
[THYMELEAF]         * #servletContext
[THYMELEAF]         * #conversions
[THYMELEAF]         * #uris
[THYMELEAF]         * #calendars
[THYMELEAF]         * #dates
[THYMELEAF]         * #bools
[THYMELEAF]         * #numbers
[THYMELEAF]         * #objects
[THYMELEAF]         * #strings
[THYMELEAF]         * #arrays
[THYMELEAF]         * #lists
[THYMELEAF]         * #sets
[THYMELEAF]         * #maps
[THYMELEAF]         * #aggregates
[THYMELEAF]         * #messages
[THYMELEAF]         * #ids
[THYMELEAF]         * #execInfo
[THYMELEAF]         * #httpServletRequest
[THYMELEAF]         * #httpSession
[THYMELEAF]     * Execution Attributes:
[THYMELEAF]         * "StandardExpressionParser": com.intuit.karate.template.KarateStandardDialect@6f430ea8
[THYMELEAF]         * "StandardJavaScriptSerializer": org.thymeleaf.standard.serializer.StandardJavaScriptSerializer@10ba9780
[THYMELEAF]         * "StandardCSSSerializer": org.thymeleaf.standard.serializer.StandardCSSSerializer@63636de0
[THYMELEAF]         * "StandardVariableExpressionEvaluator": com.intuit.karate.template.KarateStandardDialect@6f430ea8
[THYMELEAF]         * "StandardConversionService": org.thymeleaf.standard.expression.StandardConversionService@3494a35e
[THYMELEAF] * Dialect [2 of 2]: karate (com.intuit.karate.template.KarateScriptDialect)
[THYMELEAF]     * Prefix: "ka"
[THYMELEAF]     * Processors for Template Mode: HTML
[THYMELEAF]         * Element Tag Processors by [matching element and attribute name] [precedence]:
[THYMELEAF]             * [* {src}] [1000]: com.intuit.karate.template.KaScriptAttrProcessor
[THYMELEAF]         * Element Model Processors by [matching element and attribute name] [precedence]:
[THYMELEAF]             * [{script} {ka:scope,data-ka-scope}] [1000]: com.intuit.karate.template.KaScriptElemProcessor
[THYMELEAF]             * [* {ka:set,data-ka-set}] [1000]: com.intuit.karate.template.KaSetElemProcessor
[THYMELEAF] TEMPLATE ENGINE CONFIGURED OK
11:57:50.445 [main] DEBUG org.thymeleaf.TemplateEngine - [THYMELEAF] TEMPLATE ENGINE INITIALIZED

HTML report: (paste into browser to view) | Karate version: 1.4.0
file:///C:/Users/cliente/Documents/AutomatizacionRetos/RetoBackEndApiServerest/target/karate-reports/karate-summary.html
===================================================================

]]></system-out>
  </testcase>
</testsuite>